<?xml version="1.0" encoding="utf-8"?>
<CoverageSession xmlns:xsd="http://www.w3.org/2001/XMLSchema" xmlns:xsi="http://www.w3.org/2001/XMLSchema-instance">
  <Summary numSequencePoints="525" visitedSequencePoints="339" numBranchPoints="186" visitedBranchPoints="124" sequenceCoverage="64.57" branchCoverage="66.67" maxCyclomaticComplexity="7" minCyclomaticComplexity="1" visitedClasses="17" numClasses="21" visitedMethods="108" numMethods="144" />
  <Modules>
    <Module skippedDueTo="Filter" hash="7F-71-9D-12-6D-0E-48-55-8B-C5-1B-3F-06-BA-94-A5-81-90-A6-EE">
      <ModulePath>C:\Program Files\dotnet\shared\Microsoft.NETCore.App\3.1.0\System.Private.CoreLib.dll</ModulePath>
      <ModuleTime>2019-11-14T19:36:38Z</ModuleTime>
      <ModuleName>System.Private.CoreLib</ModuleName>
      <Classes />
    </Module>
    <Module skippedDueTo="MissingPdb" hash="36-0E-E4-4E-2E-97-E3-86-60-3F-33-E7-D2-92-B7-65-A3-64-D5-47">
      <ModulePath>C:\Program Files\dotnet\sdk\3.1.100\dotnet.dll</ModulePath>
      <ModuleTime>2019-11-16T23:43:50Z</ModuleTime>
      <ModuleName>dotnet</ModuleName>
      <Classes />
    </Module>
    <Module skippedDueTo="Filter" hash="49-12-C5-87-33-4E-23-8C-7F-EA-13-AB-94-F2-F2-C8-BC-E8-B8-3A">
      <ModulePath>C:\Program Files\dotnet\shared\Microsoft.NETCore.App\3.1.0\System.Runtime.dll</ModulePath>
      <ModuleTime>2019-11-15T10:20:48Z</ModuleTime>
      <ModuleName>System.Runtime</ModuleName>
      <Classes />
    </Module>
    <Module skippedDueTo="MissingPdb" hash="B3-87-C8-DF-63-C9-BB-4F-D7-51-0A-0F-F6-48-31-E3-7F-8C-E1-62">
      <ModulePath>C:\Program Files\dotnet\sdk\3.1.100\Microsoft.DotNet.Cli.Utils.dll</ModulePath>
      <ModuleTime>2019-11-16T23:43:50Z</ModuleTime>
      <ModuleName>Microsoft.DotNet.Cli.Utils</ModuleName>
      <Classes />
    </Module>
    <Module skippedDueTo="Filter" hash="7B-D1-0E-28-44-7B-D2-F7-BD-49-17-26-D7-60-51-BC-1D-F5-62-8B">
      <ModulePath>C:\Program Files\dotnet\shared\Microsoft.NETCore.App\3.1.0\System.Runtime.Extensions.dll</ModulePath>
      <ModuleTime>2019-11-15T10:21:12Z</ModuleTime>
      <ModuleName>System.Runtime.Extensions</ModuleName>
      <Classes />
    </Module>
    <Module skippedDueTo="Filter" hash="57-6E-F1-C0-98-3A-E8-B3-5E-AA-AA-91-DB-70-6A-7C-F4-BB-AD-B7">
      <ModulePath>C:\Program Files\dotnet\shared\Microsoft.NETCore.App\3.1.0\System.Runtime.Loader.dll</ModulePath>
      <ModuleTime>2019-11-15T10:21:16Z</ModuleTime>
      <ModuleName>System.Runtime.Loader</ModuleName>
      <Classes />
    </Module>
    <Module skippedDueTo="MissingPdb" hash="68-80-C3-18-7A-D1-F5-5A-16-EB-95-BA-F0-EB-77-10-E5-A0-2B-EE">
      <ModulePath>C:\Program Files\dotnet\sdk\3.1.100\Microsoft.DotNet.PlatformAbstractions.dll</ModulePath>
      <ModuleTime>2019-11-16T23:43:16Z</ModuleTime>
      <ModuleName>Microsoft.DotNet.PlatformAbstractions</ModuleName>
      <Classes />
    </Module>
    <Module skippedDueTo="MissingPdb" hash="B1-F5-74-59-D8-23-0A-D6-16-C1-40-37-4E-BB-FF-A7-81-D0-F1-C2">
      <ModulePath>C:\Program Files\dotnet\shared\Microsoft.NETCore.App\3.1.0\netstandard.dll</ModulePath>
      <ModuleTime>2019-11-15T10:21:32Z</ModuleTime>
      <ModuleName>netstandard</ModuleName>
      <Classes />
    </Module>
    <Module skippedDueTo="Filter" hash="E2-15-B8-EE-3B-F5-99-5A-22-F7-5F-5A-17-4B-5B-B3-C6-B4-C8-4C">
      <ModulePath>C:\Program Files\dotnet\shared\Microsoft.NETCore.App\3.1.0\System.Runtime.InteropServices.RuntimeInformation.dll</ModulePath>
      <ModuleTime>2019-11-15T10:21:14Z</ModuleTime>
      <ModuleName>System.Runtime.InteropServices.RuntimeInformation</ModuleName>
      <Classes />
    </Module>
    <Module skippedDueTo="Filter" hash="70-38-36-31-8C-20-B3-BD-CF-D5-F6-44-65-4D-ED-C4-19-DE-27-F1">
      <ModulePath>C:\Program Files\dotnet\shared\Microsoft.NETCore.App\3.1.0\System.IO.FileSystem.dll</ModulePath>
      <ModuleTime>2019-11-15T10:21:36Z</ModuleTime>
      <ModuleName>System.IO.FileSystem</ModuleName>
      <Classes />
    </Module>
    <Module skippedDueTo="Filter" hash="0B-4B-99-5C-19-9C-AC-4F-9D-EA-68-11-C1-31-A5-1D-24-39-87-3C">
      <ModulePath>C:\Program Files\dotnet\shared\Microsoft.NETCore.App\3.1.0\System.Runtime.InteropServices.dll</ModulePath>
      <ModuleTime>2019-11-15T10:21:12Z</ModuleTime>
      <ModuleName>System.Runtime.InteropServices</ModuleName>
      <Classes />
    </Module>
    <Module skippedDueTo="Filter" hash="CE-2D-EF-B9-A3-5D-38-0C-41-51-0B-34-FF-88-90-F9-AE-90-A5-D1">
      <ModulePath>C:\Program Files\dotnet\shared\Microsoft.NETCore.App\3.1.0\System.Memory.dll</ModulePath>
      <ModuleTime>2019-11-15T10:21:36Z</ModuleTime>
      <ModuleName>System.Memory</ModuleName>
      <Classes />
    </Module>
    <Module skippedDueTo="Filter" hash="DB-E8-19-72-5F-E4-E9-25-D6-38-6D-A7-C8-49-E6-22-84-BD-64-B3">
      <ModulePath>C:\Program Files\dotnet\shared\Microsoft.NETCore.App\3.1.0\System.Threading.dll</ModulePath>
      <ModuleTime>2019-11-15T10:21:28Z</ModuleTime>
      <ModuleName>System.Threading</ModuleName>
      <Classes />
    </Module>
    <Module skippedDueTo="Filter" hash="C2-4E-92-80-7F-79-3E-99-13-B1-89-D7-5E-49-64-33-8C-AE-88-0F">
      <ModulePath>C:\Program Files\dotnet\shared\Microsoft.NETCore.App\3.1.0\System.Text.Encoding.CodePages.dll</ModulePath>
      <ModuleTime>2019-11-15T10:21:22Z</ModuleTime>
      <ModuleName>System.Text.Encoding.CodePages</ModuleName>
      <Classes />
    </Module>
    <Module skippedDueTo="Filter" hash="F7-A4-74-6B-25-C2-F4-E3-5B-68-A9-97-CF-BA-14-90-54-FA-2D-90">
      <ModulePath>C:\Program Files\dotnet\shared\Microsoft.NETCore.App\3.1.0\System.Collections.dll</ModulePath>
      <ModuleTime>2019-11-15T10:21:04Z</ModuleTime>
      <ModuleName>System.Collections</ModuleName>
      <Classes />
    </Module>
    <Module skippedDueTo="Filter" hash="3A-60-4C-CA-57-F4-0C-25-2B-81-4A-39-C5-19-41-35-55-3B-59-F0">
      <ModulePath>C:\Program Files\dotnet\shared\Microsoft.NETCore.App\3.1.0\System.Collections.Concurrent.dll</ModulePath>
      <ModuleTime>2019-11-15T10:21:26Z</ModuleTime>
      <ModuleName>System.Collections.Concurrent</ModuleName>
      <Classes />
    </Module>
    <Module skippedDueTo="Filter" hash="C4-8B-A3-2A-C3-94-19-D9-B7-62-DC-EF-BC-29-1D-F8-3D-12-D6-50">
      <ModulePath>C:\Program Files\dotnet\shared\Microsoft.NETCore.App\3.1.0\System.Threading.Thread.dll</ModulePath>
      <ModuleTime>2019-11-15T10:20:28Z</ModuleTime>
      <ModuleName>System.Threading.Thread</ModuleName>
      <Classes />
    </Module>
    <Module skippedDueTo="MissingPdb" hash="95-E4-20-09-70-EC-79-A2-B7-82-A4-BD-18-89-59-4F-21-79-CF-1C">
      <ModulePath>C:\Program Files\dotnet\sdk\3.1.100\Microsoft.DotNet.Configurer.dll</ModulePath>
      <ModuleTime>2019-11-16T23:43:50Z</ModuleTime>
      <ModuleName>Microsoft.DotNet.Configurer</ModuleName>
      <Classes />
    </Module>
    <Module skippedDueTo="MissingPdb" hash="B4-0B-78-89-43-B9-39-05-0B-F6-6F-A5-28-71-A1-27-E3-FA-DE-AA">
      <ModulePath>C:\Program Files\dotnet\sdk\3.1.100\Microsoft.DotNet.Cli.CommandLine.dll</ModulePath>
      <ModuleTime>2019-11-16T23:43:08Z</ModuleTime>
      <ModuleName>Microsoft.DotNet.Cli.CommandLine</ModuleName>
      <Classes />
    </Module>
    <Module skippedDueTo="Filter" hash="4B-C4-0A-79-04-77-B5-67-50-3D-FF-6B-CF-F0-76-0A-5D-32-14-62">
      <ModulePath>C:\Program Files\dotnet\shared\Microsoft.NETCore.App\3.1.0\System.Diagnostics.Process.dll</ModulePath>
      <ModuleTime>2019-11-15T10:21:34Z</ModuleTime>
      <ModuleName>System.Diagnostics.Process</ModuleName>
      <Classes />
    </Module>
    <Module skippedDueTo="MissingPdb" hash="9F-52-6A-C7-A3-EE-C1-7C-94-31-99-D1-7F-25-8E-AE-2C-D0-AD-D5">
      <ModulePath>C:\Program Files\dotnet\sdk\3.1.100\Microsoft.DotNet.InternalAbstractions.dll</ModulePath>
      <ModuleTime>2019-11-16T23:43:06Z</ModuleTime>
      <ModuleName>Microsoft.DotNet.InternalAbstractions</ModuleName>
      <Classes />
    </Module>
    <Module skippedDueTo="Filter" hash="F9-C8-DF-D6-0C-F0-B3-2E-59-36-55-E0-07-DC-34-5C-94-3F-18-F0">
      <ModulePath>C:\Program Files\dotnet\shared\Microsoft.NETCore.App\3.1.0\System.Linq.dll</ModulePath>
      <ModuleTime>2019-11-15T10:21:34Z</ModuleTime>
      <ModuleName>System.Linq</ModuleName>
      <Classes />
    </Module>
    <Module skippedDueTo="MissingPdb" hash="52-D2-72-50-11-71-02-9C-D0-01-F5-79-44-5C-89-2F-0B-B3-10-E3">
      <ModulePath>C:\Program Files\dotnet\sdk\3.1.100\NuGet.Frameworks.dll</ModulePath>
      <ModuleTime>2019-11-16T23:43:26Z</ModuleTime>
      <ModuleName>NuGet.Frameworks</ModuleName>
      <Classes />
    </Module>
    <Module skippedDueTo="Filter" hash="16-21-1D-50-2F-50-98-86-49-AA-80-17-33-C1-71-BC-03-7A-EC-58">
      <ModulePath>C:\Program Files\dotnet\shared\Microsoft.NETCore.App\3.1.0\System.Console.dll</ModulePath>
      <ModuleTime>2019-11-15T10:21:30Z</ModuleTime>
      <ModuleName>System.Console</ModuleName>
      <Classes />
    </Module>
    <Module skippedDueTo="Filter" hash="2A-E5-DE-77-D9-66-8D-2A-84-28-AD-D4-ED-66-60-04-42-05-C8-8A">
      <ModulePath>C:\Program Files\dotnet\shared\Microsoft.NETCore.App\3.1.0\System.Text.Encoding.Extensions.dll</ModulePath>
      <ModuleTime>2019-11-15T10:21:26Z</ModuleTime>
      <ModuleName>System.Text.Encoding.Extensions</ModuleName>
      <Classes />
    </Module>
    <Module skippedDueTo="Filter" hash="E8-D1-76-3F-96-8A-0C-FA-0B-B5-32-FC-B5-64-FD-B2-4F-E8-C6-09">
      <ModulePath>C:\Program Files\dotnet\shared\Microsoft.NETCore.App\3.1.0\System.Runtime.CompilerServices.Unsafe.dll</ModulePath>
      <ModuleTime>2019-11-15T10:20:48Z</ModuleTime>
      <ModuleName>System.Runtime.CompilerServices.Unsafe</ModuleName>
      <Classes />
    </Module>
    <Module skippedDueTo="MissingPdb" hash="C3-D6-C2-F1-65-D1-8E-07-B0-D1-D6-F4-5C-BA-C0-20-C8-16-46-A4">
      <ModulePath>C:\Program Files\dotnet\sdk\3.1.100\Microsoft.ApplicationInsights.dll</ModulePath>
      <ModuleTime>2019-11-16T23:43:08Z</ModuleTime>
      <ModuleName>Microsoft.ApplicationInsights</ModuleName>
      <Classes />
    </Module>
    <Module skippedDueTo="Filter" hash="96-B9-12-56-A8-CB-8F-AC-D3-B9-59-F2-CD-54-B4-6A-DA-34-96-4E">
      <ModulePath>C:\Program Files\dotnet\shared\Microsoft.NETCore.App\3.1.0\System.Security.Cryptography.Algorithms.dll</ModulePath>
      <ModuleTime>2019-11-15T10:21:24Z</ModuleTime>
      <ModuleName>System.Security.Cryptography.Algorithms</ModuleName>
      <Classes />
    </Module>
    <Module skippedDueTo="Filter" hash="59-33-73-C6-C3-46-09-8A-B7-20-B7-73-F2-C6-46-47-3C-7D-86-C1">
      <ModulePath>C:\Program Files\dotnet\shared\Microsoft.NETCore.App\3.1.0\System.Buffers.dll</ModulePath>
      <ModuleTime>2019-11-15T10:21:30Z</ModuleTime>
      <ModuleName>System.Buffers</ModuleName>
      <Classes />
    </Module>
    <Module skippedDueTo="Filter" hash="EE-02-8F-07-2A-4D-97-EF-EA-E3-1F-AD-EB-F0-3A-D9-4F-B2-5C-5D">
      <ModulePath>C:\Program Files\dotnet\shared\Microsoft.NETCore.App\3.1.0\System.Private.Uri.dll</ModulePath>
      <ModuleTime>2019-11-15T10:21:20Z</ModuleTime>
      <ModuleName>System.Private.Uri</ModuleName>
      <Classes />
    </Module>
    <Module skippedDueTo="Filter" hash="D6-82-41-E0-7E-14-05-03-09-65-50-FA-1E-4C-8A-A0-C0-A3-8C-78">
      <ModulePath>C:\Program Files\dotnet\shared\Microsoft.NETCore.App\3.1.0\System.Security.Cryptography.Primitives.dll</ModulePath>
      <ModuleTime>2019-11-15T10:20:50Z</ModuleTime>
      <ModuleName>System.Security.Cryptography.Primitives</ModuleName>
      <Classes />
    </Module>
    <Module skippedDueTo="MissingPdb" hash="76-28-7E-65-86-2E-BB-FF-09-32-D5-1D-60-82-DF-B1-A0-39-C8-6A">
      <ModulePath>C:\Program Files\dotnet\sdk\3.1.100\Microsoft.TemplateEngine.Cli.dll</ModulePath>
      <ModuleTime>2019-11-16T23:43:16Z</ModuleTime>
      <ModuleName>Microsoft.TemplateEngine.Cli</ModuleName>
      <Classes />
    </Module>
    <Module skippedDueTo="Filter" hash="66-3D-54-39-BB-D8-3A-62-50-49-E0-2A-F3-05-4C-7A-5F-B3-C2-24">
      <ModulePath>C:\Program Files\dotnet\shared\Microsoft.NETCore.App\3.1.0\System.Reflection.Extensions.dll</ModulePath>
      <ModuleTime>2019-11-15T10:21:14Z</ModuleTime>
      <ModuleName>System.Reflection.Extensions</ModuleName>
      <Classes />
    </Module>
    <Module skippedDueTo="Filter" hash="10-AF-11-CE-BC-BE-CA-73-BE-5F-2A-0E-86-8D-34-EB-F8-4B-23-55">
      <ModulePath>C:\Program Files\dotnet\shared\Microsoft.NETCore.App\3.1.0\System.Reflection.dll</ModulePath>
      <ModuleTime>2019-11-15T10:20:50Z</ModuleTime>
      <ModuleName>System.Reflection</ModuleName>
      <Classes />
    </Module>
    <Module skippedDueTo="Filter" hash="B2-E8-57-7A-1E-DD-58-C0-96-00-D1-03-DA-13-17-C9-BF-24-83-CB">
      <ModulePath>C:\Program Files\dotnet\shared\Microsoft.NETCore.App\3.1.0\System.Xml.XDocument.dll</ModulePath>
      <ModuleTime>2019-11-15T10:20:28Z</ModuleTime>
      <ModuleName>System.Xml.XDocument</ModuleName>
      <Classes />
    </Module>
    <Module skippedDueTo="Filter" hash="A7-91-39-05-B7-53-29-B4-45-03-B9-B5-EB-9B-6D-53-C6-79-4F-46">
      <ModulePath>C:\Program Files\dotnet\shared\Microsoft.NETCore.App\3.1.0\System.Private.Xml.Linq.dll</ModulePath>
      <ModuleTime>2019-11-15T10:20:46Z</ModuleTime>
      <ModuleName>System.Private.Xml.Linq</ModuleName>
      <Classes />
    </Module>
    <Module skippedDueTo="Filter" hash="9F-EB-5A-A3-E1-B8-F2-53-17-A4-AE-87-AA-8D-FB-88-EC-92-74-EE">
      <ModulePath>C:\Program Files\dotnet\shared\Microsoft.NETCore.App\3.1.0\System.Resources.ResourceManager.dll</ModulePath>
      <ModuleTime>2019-11-15T10:21:18Z</ModuleTime>
      <ModuleName>System.Resources.ResourceManager</ModuleName>
      <Classes />
    </Module>
    <Module skippedDueTo="Filter" hash="33-24-7C-E8-62-B3-75-92-26-3B-4D-DA-02-03-E6-D0-21-57-19-5F">
      <ModulePath>C:\Program Files\dotnet\shared\Microsoft.NETCore.App\3.1.0\System.Private.Xml.dll</ModulePath>
      <ModuleTime>2019-11-15T10:21:14Z</ModuleTime>
      <ModuleName>System.Private.Xml</ModuleName>
      <Classes />
    </Module>
    <Module skippedDueTo="Filter" hash="D1-D5-EB-B3-A4-93-86-59-C8-EC-B3-EF-67-68-E2-E6-C2-EF-65-39">
      <ModulePath>C:\Program Files\dotnet\shared\Microsoft.NETCore.App\3.1.0\System.Text.RegularExpressions.dll</ModulePath>
      <ModuleTime>2019-11-15T10:21:26Z</ModuleTime>
      <ModuleName>System.Text.RegularExpressions</ModuleName>
      <Classes />
    </Module>
    <Module skippedDueTo="Filter" hash="FD-42-93-12-C1-B4-80-E9-F2-62-37-7E-6A-0A-20-96-BD-E7-6C-2F">
      <ModulePath>C:\Program Files\dotnet\shared\Microsoft.NETCore.App\3.1.0\System.Xml.ReaderWriter.dll</ModulePath>
      <ModuleTime>2019-11-15T10:20:28Z</ModuleTime>
      <ModuleName>System.Xml.ReaderWriter</ModuleName>
      <Classes />
    </Module>
    <Module skippedDueTo="Filter" hash="E2-37-79-30-04-1F-A1-43-0D-E5-31-02-12-51-AC-8F-F9-C3-00-51">
      <ModulePath>C:\Program Files\dotnet\shared\Microsoft.NETCore.App\3.1.0\System.Diagnostics.Tracing.dll</ModulePath>
      <ModuleTime>2019-11-15T10:21:34Z</ModuleTime>
      <ModuleName>System.Diagnostics.Tracing</ModuleName>
      <Classes />
    </Module>
    <Module skippedDueTo="Filter" hash="20-86-AB-80-F0-4F-2F-4E-DB-4D-DA-CD-84-E1-61-F5-6A-73-DA-F5">
      <ModulePath>C:\Program Files\dotnet\shared\Microsoft.NETCore.App\3.1.0\System.Threading.Tasks.dll</ModulePath>
      <ModuleTime>2019-11-15T10:21:22Z</ModuleTime>
      <ModuleName>System.Threading.Tasks</ModuleName>
      <Classes />
    </Module>
    <Module skippedDueTo="Filter" hash="17-5C-AD-BF-45-82-44-81-04-23-81-50-64-C6-F5-C6-81-88-01-B4">
      <ModulePath>C:\Program Files\dotnet\shared\Microsoft.NETCore.App\3.1.0\System.Globalization.dll</ModulePath>
      <ModuleTime>2019-11-15T10:21:34Z</ModuleTime>
      <ModuleName>System.Globalization</ModuleName>
      <Classes />
    </Module>
    <Module skippedDueTo="Filter" hash="CD-65-CE-DB-65-5D-87-F5-BE-43-A6-3C-40-E4-C0-54-81-E4-BB-FF">
      <ModulePath>C:\Program Files\dotnet\shared\Microsoft.NETCore.App\3.1.0\System.Reflection.Emit.ILGeneration.dll</ModulePath>
      <ModuleTime>2019-11-15T10:21:18Z</ModuleTime>
      <ModuleName>System.Reflection.Emit.ILGeneration</ModuleName>
      <Classes />
    </Module>
    <Module skippedDueTo="Filter" hash="A7-69-86-13-7F-2A-42-2C-11-C3-22-76-57-7C-B1-C7-66-A6-F5-E4">
      <ModulePath>C:\Program Files\dotnet\shared\Microsoft.NETCore.App\3.1.0\System.Reflection.Emit.Lightweight.dll</ModulePath>
      <ModuleTime>2019-11-15T10:21:16Z</ModuleTime>
      <ModuleName>System.Reflection.Emit.Lightweight</ModuleName>
      <Classes />
    </Module>
    <Module skippedDueTo="Filter" hash="42-7C-F8-EB-2D-3D-A4-F1-8F-43-54-40-98-44-84-CA-23-D3-7D-BB">
      <ModulePath>C:\Program Files\dotnet\shared\Microsoft.NETCore.App\3.1.0\System.Reflection.Primitives.dll</ModulePath>
      <ModuleTime>2019-11-15T10:21:18Z</ModuleTime>
      <ModuleName>System.Reflection.Primitives</ModuleName>
      <Classes />
    </Module>
    <Module skippedDueTo="MissingPdb" hash="0D-AB-DF-78-52-65-D9-0C-F8-54-5E-19-40-99-34-88-5B-B2-1F-13">
      <ModulePath>C:\Program Files\dotnet\sdk\3.1.100\Microsoft.TemplateEngine.Utils.dll</ModulePath>
      <ModuleTime>2019-11-16T23:43:20Z</ModuleTime>
      <ModuleName>Microsoft.TemplateEngine.Utils</ModuleName>
      <Classes />
    </Module>
    <Module skippedDueTo="MissingPdb" hash="3E-F0-72-EB-C0-78-2B-88-E4-B3-44-8A-59-7D-E7-70-39-D8-9E-04">
      <ModulePath>C:\Program Files\dotnet\shared\Microsoft.NETCore.App\3.1.0\Microsoft.Win32.Registry.dll</ModulePath>
      <ModuleTime>2019-11-15T10:21:32Z</ModuleTime>
      <ModuleName>Microsoft.Win32.Registry</ModuleName>
      <Classes />
    </Module>
    <Module skippedDueTo="Filter" hash="48-4C-37-BA-C5-0C-CC-79-91-D4-A0-42-49-EB-B6-19-40-B3-5B-38">
      <ModulePath>C:\Program Files\dotnet\shared\Microsoft.NETCore.App\3.1.0\System.Diagnostics.Tools.dll</ModulePath>
      <ModuleTime>2019-11-15T10:21:36Z</ModuleTime>
      <ModuleName>System.Diagnostics.Tools</ModuleName>
      <Classes />
    </Module>
    <Module skippedDueTo="Filter" hash="AB-9A-97-DD-47-45-F5-8E-CB-D3-A3-05-E9-16-20-9C-66-81-35-3A">
      <ModulePath>C:\Program Files\dotnet\shared\Microsoft.NETCore.App\3.1.0\System.Diagnostics.Debug.dll</ModulePath>
      <ModuleTime>2019-11-15T10:21:32Z</ModuleTime>
      <ModuleName>System.Diagnostics.Debug</ModuleName>
      <Classes />
    </Module>
    <Module skippedDueTo="Filter" hash="3C-96-05-72-87-79-FD-4C-F4-CA-12-2C-6C-61-89-FC-09-BF-A6-7B">
      <ModulePath>C:\Program Files\dotnet\shared\Microsoft.NETCore.App\3.1.0\System.IO.dll</ModulePath>
      <ModuleTime>2019-11-15T10:21:40Z</ModuleTime>
      <ModuleName>System.IO</ModuleName>
      <Classes />
    </Module>
    <Module skippedDueTo="Filter" hash="ED-00-32-54-B9-B0-E1-83-B4-E0-35-BB-46-DC-91-79-05-E3-33-EC">
      <ModulePath>C:\Program Files\dotnet\shared\Microsoft.NETCore.App\3.1.0\System.Text.Encoding.dll</ModulePath>
      <ModuleTime>2019-11-15T10:21:28Z</ModuleTime>
      <ModuleName>System.Text.Encoding</ModuleName>
      <Classes />
    </Module>
    <Module skippedDueTo="Filter" hash="9D-C2-59-D2-CD-3D-1B-06-B9-73-37-69-F9-1F-E6-DB-3E-F2-0E-E9">
      <ModulePath>C:\Program Files\dotnet\shared\Microsoft.NETCore.App\3.1.0\System.IO.Compression.dll</ModulePath>
      <ModuleTime>2019-11-15T10:21:40Z</ModuleTime>
      <ModuleName>System.IO.Compression</ModuleName>
      <Classes />
    </Module>
    <Module skippedDueTo="Filter" hash="AD-35-D4-03-E6-95-D2-CA-68-06-67-DE-5F-79-70-41-22-FD-C0-D3">
      <ModulePath>C:\Program Files\dotnet\shared\Microsoft.NETCore.App\3.1.0\System.Net.Http.dll</ModulePath>
      <ModuleTime>2019-11-15T10:21:36Z</ModuleTime>
      <ModuleName>System.Net.Http</ModuleName>
      <Classes />
    </Module>
    <Module skippedDueTo="Filter" hash="6B-33-C9-9B-35-30-8E-E9-21-2D-6E-FD-C5-4B-2E-48-03-75-AC-B1">
      <ModulePath>C:\Program Files\dotnet\shared\Microsoft.NETCore.App\3.1.0\System.Net.Primitives.dll</ModulePath>
      <ModuleTime>2019-11-15T10:20:50Z</ModuleTime>
      <ModuleName>System.Net.Primitives</ModuleName>
      <Classes />
    </Module>
    <Module skippedDueTo="Filter" hash="61-4C-9D-A5-E8-4D-97-96-75-B3-EA-15-39-AF-A5-CB-E1-2E-DF-07">
      <ModulePath>C:\Program Files\dotnet\shared\Microsoft.NETCore.App\3.1.0\System.Net.Security.dll</ModulePath>
      <ModuleTime>2019-11-15T10:21:12Z</ModuleTime>
      <ModuleName>System.Net.Security</ModuleName>
      <Classes />
    </Module>
    <Module skippedDueTo="Filter" hash="63-6A-5C-84-FB-43-AF-77-15-A9-8E-C4-69-6C-93-32-5D-A5-4D-CB">
      <ModulePath>C:\Program Files\dotnet\shared\Microsoft.NETCore.App\3.1.0\System.Security.Cryptography.X509Certificates.dll</ModulePath>
      <ModuleTime>2019-11-15T10:21:26Z</ModuleTime>
      <ModuleName>System.Security.Cryptography.X509Certificates</ModuleName>
      <Classes />
    </Module>
    <Module skippedDueTo="MissingPdb" hash="66-64-6A-61-B5-FF-AF-21-81-A9-1C-3D-8D-30-15-E8-97-2E-04-D5">
      <ModulePath>C:\Program Files\dotnet\sdk\3.1.100\Microsoft.Build.Framework.dll</ModulePath>
      <ModuleTime>2019-11-16T23:43:10Z</ModuleTime>
      <ModuleName>Microsoft.Build.Framework</ModuleName>
      <Classes />
    </Module>
    <Module skippedDueTo="Filter" hash="AA-54-D5-62-D3-86-20-05-F8-F2-4F-66-C8-0D-2F-6D-4C-51-39-A5">
      <ModulePath>C:\Program Files\dotnet\shared\Microsoft.NETCore.App\3.1.0\System.ComponentModel.Primitives.dll</ModulePath>
      <ModuleTime>2019-11-15T10:21:04Z</ModuleTime>
      <ModuleName>System.ComponentModel.Primitives</ModuleName>
      <Classes />
    </Module>
    <Module skippedDueTo="Filter" hash="1B-FD-D6-F6-9D-9A-8B-0B-19-D9-76-26-62-7F-C1-F8-E8-A5-D5-57">
      <ModulePath>C:\Program Files\dotnet\shared\Microsoft.NETCore.App\3.1.0\System.Collections.NonGeneric.dll</ModulePath>
      <ModuleTime>2019-11-15T10:21:30Z</ModuleTime>
      <ModuleName>System.Collections.NonGeneric</ModuleName>
      <Classes />
    </Module>
    <Module skippedDueTo="MissingPdb" hash="5F-6D-8D-6E-BA-B7-D1-16-B0-B0-0F-56-53-33-1B-1E-CF-A4-59-66">
      <ModulePath>C:\Program Files\dotnet\shared\Microsoft.NETCore.App\3.1.0\Microsoft.Win32.Primitives.dll</ModulePath>
      <ModuleTime>2019-11-15T10:21:26Z</ModuleTime>
      <ModuleName>Microsoft.Win32.Primitives</ModuleName>
      <Classes />
    </Module>
    <Module skippedDueTo="Filter" hash="7F-71-9D-12-6D-0E-48-55-8B-C5-1B-3F-06-BA-94-A5-81-90-A6-EE">
      <ModulePath>C:\Program Files\dotnet\shared\Microsoft.NETCore.App\3.1.0\System.Private.CoreLib.dll</ModulePath>
      <ModuleTime>2019-11-14T19:36:38Z</ModuleTime>
      <ModuleName>System.Private.CoreLib</ModuleName>
      <Classes />
    </Module>
    <Module skippedDueTo="MissingPdb" hash="77-5E-AE-92-18-D1-91-8C-82-6C-71-D1-19-3F-4C-F4-DA-E9-D7-AC">
      <ModulePath>C:\Program Files\dotnet\sdk\3.1.100\MSBuild.dll</ModulePath>
      <ModuleTime>2019-11-16T23:43:02Z</ModuleTime>
      <ModuleName>MSBuild</ModuleName>
      <Classes />
    </Module>
    <Module skippedDueTo="Filter" hash="49-12-C5-87-33-4E-23-8C-7F-EA-13-AB-94-F2-F2-C8-BC-E8-B8-3A">
      <ModulePath>C:\Program Files\dotnet\shared\Microsoft.NETCore.App\3.1.0\System.Runtime.dll</ModulePath>
      <ModuleTime>2019-11-15T10:20:48Z</ModuleTime>
      <ModuleName>System.Runtime</ModuleName>
      <Classes />
    </Module>
    <Module skippedDueTo="Filter" hash="7B-D1-0E-28-44-7B-D2-F7-BD-49-17-26-D7-60-51-BC-1D-F5-62-8B">
      <ModulePath>C:\Program Files\dotnet\shared\Microsoft.NETCore.App\3.1.0\System.Runtime.Extensions.dll</ModulePath>
      <ModuleTime>2019-11-15T10:21:12Z</ModuleTime>
      <ModuleName>System.Runtime.Extensions</ModuleName>
      <Classes />
    </Module>
    <Module skippedDueTo="Filter" hash="DB-E8-19-72-5F-E4-E9-25-D6-38-6D-A7-C8-49-E6-22-84-BD-64-B3">
      <ModulePath>C:\Program Files\dotnet\shared\Microsoft.NETCore.App\3.1.0\System.Threading.dll</ModulePath>
      <ModuleTime>2019-11-15T10:21:28Z</ModuleTime>
      <ModuleName>System.Threading</ModuleName>
      <Classes />
    </Module>
    <Module skippedDueTo="Filter" hash="20-86-AB-80-F0-4F-2F-4E-DB-4D-DA-CD-84-E1-61-F5-6A-73-DA-F5">
      <ModulePath>C:\Program Files\dotnet\shared\Microsoft.NETCore.App\3.1.0\System.Threading.Tasks.dll</ModulePath>
      <ModuleTime>2019-11-15T10:21:22Z</ModuleTime>
      <ModuleName>System.Threading.Tasks</ModuleName>
      <Classes />
    </Module>
    <Module skippedDueTo="Filter" hash="E2-15-B8-EE-3B-F5-99-5A-22-F7-5F-5A-17-4B-5B-B3-C6-B4-C8-4C">
      <ModulePath>C:\Program Files\dotnet\shared\Microsoft.NETCore.App\3.1.0\System.Runtime.InteropServices.RuntimeInformation.dll</ModulePath>
      <ModuleTime>2019-11-15T10:21:14Z</ModuleTime>
      <ModuleName>System.Runtime.InteropServices.RuntimeInformation</ModuleName>
      <Classes />
    </Module>
    <Module skippedDueTo="Filter" hash="4B-C4-0A-79-04-77-B5-67-50-3D-FF-6B-CF-F0-76-0A-5D-32-14-62">
      <ModulePath>C:\Program Files\dotnet\shared\Microsoft.NETCore.App\3.1.0\System.Diagnostics.Process.dll</ModulePath>
      <ModuleTime>2019-11-15T10:21:34Z</ModuleTime>
      <ModuleName>System.Diagnostics.Process</ModuleName>
      <Classes />
    </Module>
    <Module skippedDueTo="Filter" hash="AA-54-D5-62-D3-86-20-05-F8-F2-4F-66-C8-0D-2F-6D-4C-51-39-A5">
      <ModulePath>C:\Program Files\dotnet\shared\Microsoft.NETCore.App\3.1.0\System.ComponentModel.Primitives.dll</ModulePath>
      <ModuleTime>2019-11-15T10:21:04Z</ModuleTime>
      <ModuleName>System.ComponentModel.Primitives</ModuleName>
      <Classes />
    </Module>
    <Module skippedDueTo="Filter" hash="F9-C8-DF-D6-0C-F0-B3-2E-59-36-55-E0-07-DC-34-5C-94-3F-18-F0">
      <ModulePath>C:\Program Files\dotnet\shared\Microsoft.NETCore.App\3.1.0\System.Linq.dll</ModulePath>
      <ModuleTime>2019-11-15T10:21:34Z</ModuleTime>
      <ModuleName>System.Linq</ModuleName>
      <Classes />
    </Module>
    <Module skippedDueTo="Filter" hash="D1-D5-EB-B3-A4-93-86-59-C8-EC-B3-EF-67-68-E2-E6-C2-EF-65-39">
      <ModulePath>C:\Program Files\dotnet\shared\Microsoft.NETCore.App\3.1.0\System.Text.RegularExpressions.dll</ModulePath>
      <ModuleTime>2019-11-15T10:21:26Z</ModuleTime>
      <ModuleName>System.Text.RegularExpressions</ModuleName>
      <Classes />
    </Module>
    <Module skippedDueTo="Filter" hash="F7-A4-74-6B-25-C2-F4-E3-5B-68-A9-97-CF-BA-14-90-54-FA-2D-90">
      <ModulePath>C:\Program Files\dotnet\shared\Microsoft.NETCore.App\3.1.0\System.Collections.dll</ModulePath>
      <ModuleTime>2019-11-15T10:21:04Z</ModuleTime>
      <ModuleName>System.Collections</ModuleName>
      <Classes />
    </Module>
    <Module skippedDueTo="Filter" hash="CE-2D-EF-B9-A3-5D-38-0C-41-51-0B-34-FF-88-90-F9-AE-90-A5-D1">
      <ModulePath>C:\Program Files\dotnet\shared\Microsoft.NETCore.App\3.1.0\System.Memory.dll</ModulePath>
      <ModuleTime>2019-11-15T10:21:36Z</ModuleTime>
      <ModuleName>System.Memory</ModuleName>
      <Classes />
    </Module>
    <Module skippedDueTo="Filter" hash="59-33-73-C6-C3-46-09-8A-B7-20-B7-73-F2-C6-46-47-3C-7D-86-C1">
      <ModulePath>C:\Program Files\dotnet\shared\Microsoft.NETCore.App\3.1.0\System.Buffers.dll</ModulePath>
      <ModuleTime>2019-11-15T10:21:30Z</ModuleTime>
      <ModuleName>System.Buffers</ModuleName>
      <Classes />
    </Module>
    <Module skippedDueTo="Filter" hash="70-38-36-31-8C-20-B3-BD-CF-D5-F6-44-65-4D-ED-C4-19-DE-27-F1">
      <ModulePath>C:\Program Files\dotnet\shared\Microsoft.NETCore.App\3.1.0\System.IO.FileSystem.dll</ModulePath>
      <ModuleTime>2019-11-15T10:21:36Z</ModuleTime>
      <ModuleName>System.IO.FileSystem</ModuleName>
      <Classes />
    </Module>
    <Module skippedDueTo="Filter" hash="0B-4B-99-5C-19-9C-AC-4F-9D-EA-68-11-C1-31-A5-1D-24-39-87-3C">
      <ModulePath>C:\Program Files\dotnet\shared\Microsoft.NETCore.App\3.1.0\System.Runtime.InteropServices.dll</ModulePath>
      <ModuleTime>2019-11-15T10:21:12Z</ModuleTime>
      <ModuleName>System.Runtime.InteropServices</ModuleName>
      <Classes />
    </Module>
    <Module skippedDueTo="Filter" hash="16-21-1D-50-2F-50-98-86-49-AA-80-17-33-C1-71-BC-03-7A-EC-58">
      <ModulePath>C:\Program Files\dotnet\shared\Microsoft.NETCore.App\3.1.0\System.Console.dll</ModulePath>
      <ModuleTime>2019-11-15T10:21:30Z</ModuleTime>
      <ModuleName>System.Console</ModuleName>
      <Classes />
    </Module>
    <Module skippedDueTo="MissingPdb" hash="66-64-6A-61-B5-FF-AF-21-81-A9-1C-3D-8D-30-15-E8-97-2E-04-D5">
      <ModulePath>C:\Program Files\dotnet\sdk\3.1.100\Microsoft.Build.Framework.dll</ModulePath>
      <ModuleTime>2019-11-16T23:43:10Z</ModuleTime>
      <ModuleName>Microsoft.Build.Framework</ModuleName>
      <Classes />
    </Module>
    <Module skippedDueTo="MissingPdb" hash="B1-F5-74-59-D8-23-0A-D6-16-C1-40-37-4E-BB-FF-A7-81-D0-F1-C2">
      <ModulePath>C:\Program Files\dotnet\shared\Microsoft.NETCore.App\3.1.0\netstandard.dll</ModulePath>
      <ModuleTime>2019-11-15T10:21:32Z</ModuleTime>
      <ModuleName>netstandard</ModuleName>
      <Classes />
    </Module>
    <Module skippedDueTo="MissingPdb" hash="C1-7C-73-04-7F-2C-A4-58-6A-68-DF-41-21-FF-EB-2B-0C-7A-91-B8">
      <ModulePath>C:\Program Files\dotnet\sdk\3.1.100\Microsoft.Build.dll</ModulePath>
      <ModuleTime>2019-11-16T23:43:22Z</ModuleTime>
      <ModuleName>Microsoft.Build</ModuleName>
      <Classes />
    </Module>
    <Module skippedDueTo="Filter" hash="AB-9A-97-DD-47-45-F5-8E-CB-D3-A3-05-E9-16-20-9C-66-81-35-3A">
      <ModulePath>C:\Program Files\dotnet\shared\Microsoft.NETCore.App\3.1.0\System.Diagnostics.Debug.dll</ModulePath>
      <ModuleTime>2019-11-15T10:21:32Z</ModuleTime>
      <ModuleName>System.Diagnostics.Debug</ModuleName>
      <Classes />
    </Module>
    <Module skippedDueTo="Filter" hash="C2-4E-92-80-7F-79-3E-99-13-B1-89-D7-5E-49-64-33-8C-AE-88-0F">
      <ModulePath>C:\Program Files\dotnet\shared\Microsoft.NETCore.App\3.1.0\System.Text.Encoding.CodePages.dll</ModulePath>
      <ModuleTime>2019-11-15T10:21:22Z</ModuleTime>
      <ModuleName>System.Text.Encoding.CodePages</ModuleName>
      <Classes />
    </Module>
    <Module skippedDueTo="Filter" hash="3A-60-4C-CA-57-F4-0C-25-2B-81-4A-39-C5-19-41-35-55-3B-59-F0">
      <ModulePath>C:\Program Files\dotnet\shared\Microsoft.NETCore.App\3.1.0\System.Collections.Concurrent.dll</ModulePath>
      <ModuleTime>2019-11-15T10:21:26Z</ModuleTime>
      <ModuleName>System.Collections.Concurrent</ModuleName>
      <Classes />
    </Module>
    <Module skippedDueTo="MissingPdb" hash="36-0E-E4-4E-2E-97-E3-86-60-3F-33-E7-D2-92-B7-65-A3-64-D5-47">
      <ModulePath>C:\Program Files\dotnet\sdk\3.1.100\dotnet.dll</ModulePath>
      <ModuleTime>2019-11-16T23:43:50Z</ModuleTime>
      <ModuleName>dotnet</ModuleName>
      <Classes />
    </Module>
    <Module skippedDueTo="MissingPdb" hash="95-E4-20-09-70-EC-79-A2-B7-82-A4-BD-18-89-59-4F-21-79-CF-1C">
      <ModulePath>C:\Program Files\dotnet\sdk\3.1.100\Microsoft.DotNet.Configurer.dll</ModulePath>
      <ModuleTime>2019-11-16T23:43:50Z</ModuleTime>
      <ModuleName>Microsoft.DotNet.Configurer</ModuleName>
      <Classes />
    </Module>
    <Module skippedDueTo="MissingPdb" hash="9F-52-6A-C7-A3-EE-C1-7C-94-31-99-D1-7F-25-8E-AE-2C-D0-AD-D5">
      <ModulePath>C:\Program Files\dotnet\sdk\3.1.100\Microsoft.DotNet.InternalAbstractions.dll</ModulePath>
      <ModuleTime>2019-11-16T23:43:06Z</ModuleTime>
      <ModuleName>Microsoft.DotNet.InternalAbstractions</ModuleName>
      <Classes />
    </Module>
    <Module skippedDueTo="MissingPdb" hash="B3-87-C8-DF-63-C9-BB-4F-D7-51-0A-0F-F6-48-31-E3-7F-8C-E1-62">
      <ModulePath>C:\Program Files\dotnet\sdk\3.1.100\Microsoft.DotNet.Cli.Utils.dll</ModulePath>
      <ModuleTime>2019-11-16T23:43:50Z</ModuleTime>
      <ModuleName>Microsoft.DotNet.Cli.Utils</ModuleName>
      <Classes />
    </Module>
    <Module skippedDueTo="Filter" hash="2A-E5-DE-77-D9-66-8D-2A-84-28-AD-D4-ED-66-60-04-42-05-C8-8A">
      <ModulePath>C:\Program Files\dotnet\shared\Microsoft.NETCore.App\3.1.0\System.Text.Encoding.Extensions.dll</ModulePath>
      <ModuleTime>2019-11-15T10:21:26Z</ModuleTime>
      <ModuleName>System.Text.Encoding.Extensions</ModuleName>
      <Classes />
    </Module>
    <Module skippedDueTo="MissingPdb" hash="C3-D6-C2-F1-65-D1-8E-07-B0-D1-D6-F4-5C-BA-C0-20-C8-16-46-A4">
      <ModulePath>C:\Program Files\dotnet\sdk\3.1.100\Microsoft.ApplicationInsights.dll</ModulePath>
      <ModuleTime>2019-11-16T23:43:08Z</ModuleTime>
      <ModuleName>Microsoft.ApplicationInsights</ModuleName>
      <Classes />
    </Module>
    <Module skippedDueTo="MissingPdb" hash="68-80-C3-18-7A-D1-F5-5A-16-EB-95-BA-F0-EB-77-10-E5-A0-2B-EE">
      <ModulePath>C:\Program Files\dotnet\sdk\3.1.100\Microsoft.DotNet.PlatformAbstractions.dll</ModulePath>
      <ModuleTime>2019-11-16T23:43:16Z</ModuleTime>
      <ModuleName>Microsoft.DotNet.PlatformAbstractions</ModuleName>
      <Classes />
    </Module>
    <Module skippedDueTo="Filter" hash="E8-D1-76-3F-96-8A-0C-FA-0B-B5-32-FC-B5-64-FD-B2-4F-E8-C6-09">
      <ModulePath>C:\Program Files\dotnet\shared\Microsoft.NETCore.App\3.1.0\System.Runtime.CompilerServices.Unsafe.dll</ModulePath>
      <ModuleTime>2019-11-15T10:20:48Z</ModuleTime>
      <ModuleName>System.Runtime.CompilerServices.Unsafe</ModuleName>
      <Classes />
    </Module>
    <Module skippedDueTo="Filter" hash="EE-02-8F-07-2A-4D-97-EF-EA-E3-1F-AD-EB-F0-3A-D9-4F-B2-5C-5D">
      <ModulePath>C:\Program Files\dotnet\shared\Microsoft.NETCore.App\3.1.0\System.Private.Uri.dll</ModulePath>
      <ModuleTime>2019-11-15T10:21:20Z</ModuleTime>
      <ModuleName>System.Private.Uri</ModuleName>
      <Classes />
    </Module>
    <Module skippedDueTo="Filter" hash="66-3D-54-39-BB-D8-3A-62-50-49-E0-2A-F3-05-4C-7A-5F-B3-C2-24">
      <ModulePath>C:\Program Files\dotnet\shared\Microsoft.NETCore.App\3.1.0\System.Reflection.Extensions.dll</ModulePath>
      <ModuleTime>2019-11-15T10:21:14Z</ModuleTime>
      <ModuleName>System.Reflection.Extensions</ModuleName>
      <Classes />
    </Module>
    <Module skippedDueTo="Filter" hash="10-AF-11-CE-BC-BE-CA-73-BE-5F-2A-0E-86-8D-34-EB-F8-4B-23-55">
      <ModulePath>C:\Program Files\dotnet\shared\Microsoft.NETCore.App\3.1.0\System.Reflection.dll</ModulePath>
      <ModuleTime>2019-11-15T10:20:50Z</ModuleTime>
      <ModuleName>System.Reflection</ModuleName>
      <Classes />
    </Module>
    <Module skippedDueTo="Filter" hash="B2-E8-57-7A-1E-DD-58-C0-96-00-D1-03-DA-13-17-C9-BF-24-83-CB">
      <ModulePath>C:\Program Files\dotnet\shared\Microsoft.NETCore.App\3.1.0\System.Xml.XDocument.dll</ModulePath>
      <ModuleTime>2019-11-15T10:20:28Z</ModuleTime>
      <ModuleName>System.Xml.XDocument</ModuleName>
      <Classes />
    </Module>
    <Module skippedDueTo="Filter" hash="A7-91-39-05-B7-53-29-B4-45-03-B9-B5-EB-9B-6D-53-C6-79-4F-46">
      <ModulePath>C:\Program Files\dotnet\shared\Microsoft.NETCore.App\3.1.0\System.Private.Xml.Linq.dll</ModulePath>
      <ModuleTime>2019-11-15T10:20:46Z</ModuleTime>
      <ModuleName>System.Private.Xml.Linq</ModuleName>
      <Classes />
    </Module>
    <Module skippedDueTo="Filter" hash="C4-8B-A3-2A-C3-94-19-D9-B7-62-DC-EF-BC-29-1D-F8-3D-12-D6-50">
      <ModulePath>C:\Program Files\dotnet\shared\Microsoft.NETCore.App\3.1.0\System.Threading.Thread.dll</ModulePath>
      <ModuleTime>2019-11-15T10:20:28Z</ModuleTime>
      <ModuleName>System.Threading.Thread</ModuleName>
      <Classes />
    </Module>
    <Module skippedDueTo="Filter" hash="33-24-7C-E8-62-B3-75-92-26-3B-4D-DA-02-03-E6-D0-21-57-19-5F">
      <ModulePath>C:\Program Files\dotnet\shared\Microsoft.NETCore.App\3.1.0\System.Private.Xml.dll</ModulePath>
      <ModuleTime>2019-11-15T10:21:14Z</ModuleTime>
      <ModuleName>System.Private.Xml</ModuleName>
      <Classes />
    </Module>
    <Module skippedDueTo="Filter" hash="FD-42-93-12-C1-B4-80-E9-F2-62-37-7E-6A-0A-20-96-BD-E7-6C-2F">
      <ModulePath>C:\Program Files\dotnet\shared\Microsoft.NETCore.App\3.1.0\System.Xml.ReaderWriter.dll</ModulePath>
      <ModuleTime>2019-11-15T10:20:28Z</ModuleTime>
      <ModuleName>System.Xml.ReaderWriter</ModuleName>
      <Classes />
    </Module>
    <Module skippedDueTo="Filter" hash="E2-37-79-30-04-1F-A1-43-0D-E5-31-02-12-51-AC-8F-F9-C3-00-51">
      <ModulePath>C:\Program Files\dotnet\shared\Microsoft.NETCore.App\3.1.0\System.Diagnostics.Tracing.dll</ModulePath>
      <ModuleTime>2019-11-15T10:21:34Z</ModuleTime>
      <ModuleName>System.Diagnostics.Tracing</ModuleName>
      <Classes />
    </Module>
    <Module skippedDueTo="Filter" hash="17-5C-AD-BF-45-82-44-81-04-23-81-50-64-C6-F5-C6-81-88-01-B4">
      <ModulePath>C:\Program Files\dotnet\shared\Microsoft.NETCore.App\3.1.0\System.Globalization.dll</ModulePath>
      <ModuleTime>2019-11-15T10:21:34Z</ModuleTime>
      <ModuleName>System.Globalization</ModuleName>
      <Classes />
    </Module>
    <Module skippedDueTo="Filter" hash="00-B3-C2-BD-1C-DD-65-3A-EF-0F-2D-62-1E-43-43-7A-D3-B8-3C-5C">
      <ModulePath>C:\Program Files\dotnet\shared\Microsoft.NETCore.App\3.1.0\System.Threading.Tasks.Dataflow.dll</ModulePath>
      <ModuleTime>2019-11-15T10:21:22Z</ModuleTime>
      <ModuleName>System.Threading.Tasks.Dataflow</ModuleName>
      <Classes />
    </Module>
    <Module skippedDueTo="Filter" hash="96-B9-12-56-A8-CB-8F-AC-D3-B9-59-F2-CD-54-B4-6A-DA-34-96-4E">
      <ModulePath>C:\Program Files\dotnet\shared\Microsoft.NETCore.App\3.1.0\System.Security.Cryptography.Algorithms.dll</ModulePath>
      <ModuleTime>2019-11-15T10:21:24Z</ModuleTime>
      <ModuleName>System.Security.Cryptography.Algorithms</ModuleName>
      <Classes />
    </Module>
    <Module skippedDueTo="Filter" hash="D6-82-41-E0-7E-14-05-03-09-65-50-FA-1E-4C-8A-A0-C0-A3-8C-78">
      <ModulePath>C:\Program Files\dotnet\shared\Microsoft.NETCore.App\3.1.0\System.Security.Cryptography.Primitives.dll</ModulePath>
      <ModuleTime>2019-11-15T10:20:50Z</ModuleTime>
      <ModuleName>System.Security.Cryptography.Primitives</ModuleName>
      <Classes />
    </Module>
    <Module skippedDueTo="MissingPdb" hash="3E-F0-72-EB-C0-78-2B-88-E4-B3-44-8A-59-7D-E7-70-39-D8-9E-04">
      <ModulePath>C:\Program Files\dotnet\shared\Microsoft.NETCore.App\3.1.0\Microsoft.Win32.Registry.dll</ModulePath>
      <ModuleTime>2019-11-15T10:21:32Z</ModuleTime>
      <ModuleName>Microsoft.Win32.Registry</ModuleName>
      <Classes />
    </Module>
    <Module skippedDueTo="Filter" hash="9F-EB-5A-A3-E1-B8-F2-53-17-A4-AE-87-AA-8D-FB-88-EC-92-74-EE">
      <ModulePath>C:\Program Files\dotnet\shared\Microsoft.NETCore.App\3.1.0\System.Resources.ResourceManager.dll</ModulePath>
      <ModuleTime>2019-11-15T10:21:18Z</ModuleTime>
      <ModuleName>System.Resources.ResourceManager</ModuleName>
      <Classes />
    </Module>
    <Module skippedDueTo="Filter" hash="3B-D3-C4-6D-03-98-0D-D1-14-13-5D-AF-F7-DB-FE-1D-25-FA-36-47">
      <ModulePath>C:\Program Files\dotnet\shared\Microsoft.NETCore.App\3.1.0\System.ObjectModel.dll</ModulePath>
      <ModuleTime>2019-11-15T10:20:50Z</ModuleTime>
      <ModuleName>System.ObjectModel</ModuleName>
      <Classes />
    </Module>
    <Module skippedDueTo="Filter" hash="FE-0F-D3-19-81-CA-5A-65-44-D1-97-FB-21-B0-34-9B-57-FB-62-6F">
      <ModulePath>C:\Program Files\dotnet\shared\Microsoft.NETCore.App\3.1.0\System.Diagnostics.TraceSource.dll</ModulePath>
      <ModuleTime>2019-11-15T10:21:34Z</ModuleTime>
      <ModuleName>System.Diagnostics.TraceSource</ModuleName>
      <Classes />
    </Module>
    <Module skippedDueTo="Filter" hash="82-88-43-50-CB-71-0D-0E-E1-E1-15-3A-50-9C-CB-5C-68-A8-D7-E3">
      <ModulePath>C:\Program Files\dotnet\shared\Microsoft.NETCore.App\3.1.0\System.Collections.Immutable.dll</ModulePath>
      <ModuleTime>2019-11-15T10:21:28Z</ModuleTime>
      <ModuleName>System.Collections.Immutable</ModuleName>
      <Classes />
    </Module>
    <Module skippedDueTo="Filter" hash="57-6E-F1-C0-98-3A-E8-B3-5E-AA-AA-91-DB-70-6A-7C-F4-BB-AD-B7">
      <ModulePath>C:\Program Files\dotnet\shared\Microsoft.NETCore.App\3.1.0\System.Runtime.Loader.dll</ModulePath>
      <ModuleTime>2019-11-15T10:21:16Z</ModuleTime>
      <ModuleName>System.Runtime.Loader</ModuleName>
      <Classes />
    </Module>
    <Module skippedDueTo="MissingPdb" hash="5B-47-E7-B7-E1-B3-CF-F4-EB-FE-FB-62-42-80-6E-07-59-64-F6-D1">
      <ModulePath>C:\Program Files\dotnet\sdk\3.1.100\Microsoft.Build.NuGetSdkResolver.dll</ModulePath>
      <ModuleTime>2019-11-16T23:43:10Z</ModuleTime>
      <ModuleName>Microsoft.Build.NuGetSdkResolver</ModuleName>
      <Classes />
    </Module>
    <Module skippedDueTo="Filter" hash="9A-43-EA-A8-42-49-9A-D3-C8-13-6E-97-C8-EA-5F-BB-94-80-CF-D2">
      <ModulePath>C:\Program Files\dotnet\shared\Microsoft.NETCore.App\3.1.0\System.Diagnostics.FileVersionInfo.dll</ModulePath>
      <ModuleTime>2019-11-15T10:21:28Z</ModuleTime>
      <ModuleName>System.Diagnostics.FileVersionInfo</ModuleName>
      <Classes />
    </Module>
    <Module skippedDueTo="Filter" hash="9A-61-41-7B-22-3F-85-45-DC-51-F7-7C-2B-C2-E9-4D-9E-72-22-7A">
      <ModulePath>C:\Program Files\dotnet\shared\Microsoft.NETCore.App\3.1.0\System.Threading.Tasks.Parallel.dll</ModulePath>
      <ModuleTime>2019-11-15T10:21:20Z</ModuleTime>
      <ModuleName>System.Threading.Tasks.Parallel</ModuleName>
      <Classes />
    </Module>
    <Module skippedDueTo="MissingPdb" hash="B7-C9-8B-42-43-42-4C-BB-AA-4A-B0-51-7B-62-E7-EA-FB-E2-DB-80">
      <ModulePath>C:\Program Files\dotnet\sdk\3.1.100\Microsoft.Build.Utilities.Core.dll</ModulePath>
      <ModuleTime>2019-11-16T23:43:14Z</ModuleTime>
      <ModuleName>Microsoft.Build.Utilities.Core</ModuleName>
      <Classes />
    </Module>
    <Module skippedDueTo="Filter" hash="CD-65-CE-DB-65-5D-87-F5-BE-43-A6-3C-40-E4-C0-54-81-E4-BB-FF">
      <ModulePath>C:\Program Files\dotnet\shared\Microsoft.NETCore.App\3.1.0\System.Reflection.Emit.ILGeneration.dll</ModulePath>
      <ModuleTime>2019-11-15T10:21:18Z</ModuleTime>
      <ModuleName>System.Reflection.Emit.ILGeneration</ModuleName>
      <Classes />
    </Module>
    <Module skippedDueTo="Filter" hash="A7-69-86-13-7F-2A-42-2C-11-C3-22-76-57-7C-B1-C7-66-A6-F5-E4">
      <ModulePath>C:\Program Files\dotnet\shared\Microsoft.NETCore.App\3.1.0\System.Reflection.Emit.Lightweight.dll</ModulePath>
      <ModuleTime>2019-11-15T10:21:16Z</ModuleTime>
      <ModuleName>System.Reflection.Emit.Lightweight</ModuleName>
      <Classes />
    </Module>
    <Module skippedDueTo="Filter" hash="42-7C-F8-EB-2D-3D-A4-F1-8F-43-54-40-98-44-84-CA-23-D3-7D-BB">
      <ModulePath>C:\Program Files\dotnet\shared\Microsoft.NETCore.App\3.1.0\System.Reflection.Primitives.dll</ModulePath>
      <ModuleTime>2019-11-15T10:21:18Z</ModuleTime>
      <ModuleName>System.Reflection.Primitives</ModuleName>
      <Classes />
    </Module>
    <Module skippedDueTo="MissingPdb" hash="0D-5D-A6-D9-79-5E-C4-96-A4-29-40-A1-DD-BC-95-C0-4F-AF-B8-70">
      <ModulePath>C:\Program Files\dotnet\sdk\3.1.100\Microsoft.Build.Tasks.Core.dll</ModulePath>
      <ModuleTime>2019-11-16T23:43:08Z</ModuleTime>
      <ModuleName>Microsoft.Build.Tasks.Core</ModuleName>
      <Classes />
    </Module>
    <Module skippedDueTo="Filter" hash="64-AF-69-54-69-43-FB-48-5F-E3-E0-B9-5F-17-BE-46-9D-E9-74-F4">
      <ModulePath>C:\Program Files\dotnet\shared\Microsoft.NETCore.App\3.1.0\System.Threading.ThreadPool.dll</ModulePath>
      <ModuleTime>2019-11-15T10:20:28Z</ModuleTime>
      <ModuleName>System.Threading.ThreadPool</ModuleName>
      <Classes />
    </Module>
    <Module skippedDueTo="MissingPdb" hash="25-74-3D-BB-0C-AE-C5-D5-A3-17-23-8A-7D-7D-70-0E-33-20-EF-86">
      <ModulePath>C:\Program Files\dotnet\sdk\3.1.100\NuGet.Build.Tasks.dll</ModulePath>
      <ModuleTime>2019-11-16T23:43:30Z</ModuleTime>
      <ModuleName>NuGet.Build.Tasks</ModuleName>
      <Classes />
    </Module>
    <Module skippedDueTo="MissingPdb" hash="2C-14-74-00-E2-8A-E1-A3-07-E5-EC-AD-71-09-82-D5-E9-DF-72-40">
      <ModulePath>C:\Program Files\dotnet\sdk\3.1.100\NuGet.Commands.dll</ModulePath>
      <ModuleTime>2019-11-16T23:43:30Z</ModuleTime>
      <ModuleName>NuGet.Commands</ModuleName>
      <Classes />
    </Module>
    <Module skippedDueTo="MissingPdb" hash="89-ED-8B-69-D3-AF-5A-99-E0-5F-29-5A-6E-11-C5-E6-FF-7F-08-7B">
      <ModulePath>C:\Program Files\dotnet\sdk\3.1.100\NuGet.Common.dll</ModulePath>
      <ModuleTime>2019-11-16T23:43:26Z</ModuleTime>
      <ModuleName>NuGet.Common</ModuleName>
      <Classes />
    </Module>
    <Module skippedDueTo="Filter" hash="1B-FD-D6-F6-9D-9A-8B-0B-19-D9-76-26-62-7F-C1-F8-E8-A5-D5-57">
      <ModulePath>C:\Program Files\dotnet\shared\Microsoft.NETCore.App\3.1.0\System.Collections.NonGeneric.dll</ModulePath>
      <ModuleTime>2019-11-15T10:21:30Z</ModuleTime>
      <ModuleName>System.Collections.NonGeneric</ModuleName>
      <Classes />
    </Module>
    <Module skippedDueTo="MissingPdb" hash="5F-6D-8D-6E-BA-B7-D1-16-B0-B0-0F-56-53-33-1B-1E-CF-A4-59-66">
      <ModulePath>C:\Program Files\dotnet\shared\Microsoft.NETCore.App\3.1.0\Microsoft.Win32.Primitives.dll</ModulePath>
      <ModuleTime>2019-11-15T10:21:26Z</ModuleTime>
      <ModuleName>Microsoft.Win32.Primitives</ModuleName>
      <Classes />
    </Module>
    <Module skippedDueTo="MissingPdb" hash="5B-F7-D6-82-00-04-51-C7-59-72-94-B4-C1-C6-D9-58-58-E9-73-86">
      <ModulePath>C:\Program Files\dotnet\sdk\3.1.100\Sdks\Microsoft.NET.Sdk\targets\..\tools\netcoreapp2.1/Microsoft.NET.Build.Tasks.dll</ModulePath>
      <ModuleTime>2019-11-16T23:43:50Z</ModuleTime>
      <ModuleName>Microsoft.NET.Build.Tasks</ModuleName>
      <Classes />
    </Module>
    <Module skippedDueTo="MissingPdb" hash="AD-7A-D1-67-CF-E6-DA-DB-AF-2A-1C-AD-E5-D9-02-7C-39-98-D8-C5">
      <ModulePath>C:\Program Files\dotnet\sdk\3.1.100\NuGet.Configuration.dll</ModulePath>
      <ModuleTime>2019-11-16T23:43:24Z</ModuleTime>
      <ModuleName>NuGet.Configuration</ModuleName>
      <Classes />
    </Module>
    <Module skippedDueTo="MissingPdb" hash="38-CD-82-1E-C4-09-DE-94-24-F4-17-48-47-DA-FC-6A-05-2C-B2-2C">
      <ModulePath>C:\Program Files\dotnet\sdk\3.1.100\NuGet.ProjectModel.dll</ModulePath>
      <ModuleTime>2019-11-16T23:43:50Z</ModuleTime>
      <ModuleName>NuGet.ProjectModel</ModuleName>
      <Classes />
    </Module>
    <Module skippedDueTo="MissingPdb" hash="85-5E-78-42-69-39-36-EC-62-4A-CC-76-2F-19-10-09-B3-10-45-B0">
      <ModulePath>C:\Program Files\dotnet\sdk\3.1.100\NuGet.Versioning.dll</ModulePath>
      <ModuleTime>2019-11-16T23:43:02Z</ModuleTime>
      <ModuleName>NuGet.Versioning</ModuleName>
      <Classes />
    </Module>
    <Module skippedDueTo="MissingPdb" hash="52-D2-72-50-11-71-02-9C-D0-01-F5-79-44-5C-89-2F-0B-B3-10-E3">
      <ModulePath>C:\Program Files\dotnet\sdk\3.1.100\NuGet.Frameworks.dll</ModulePath>
      <ModuleTime>2019-11-16T23:43:26Z</ModuleTime>
      <ModuleName>NuGet.Frameworks</ModuleName>
      <Classes />
    </Module>
    <Module skippedDueTo="MissingPdb" hash="B4-32-A3-20-EB-F1-D4-AD-FA-B5-6F-DB-E7-23-B4-55-FD-B1-B7-6E">
      <ModulePath>C:\Program Files\dotnet\sdk\3.1.100\NuGet.Credentials.dll</ModulePath>
      <ModuleTime>2019-11-16T23:43:50Z</ModuleTime>
      <ModuleName>NuGet.Credentials</ModuleName>
      <Classes />
    </Module>
    <Module skippedDueTo="MissingPdb" hash="D3-60-4C-C9-9D-59-80-C3-A1-D2-11-AA-AD-30-CF-D6-A1-41-8C-6A">
      <ModulePath>C:\Program Files\dotnet\sdk\3.1.100\NuGet.Protocol.dll</ModulePath>
      <ModuleTime>2019-11-16T23:43:22Z</ModuleTime>
      <ModuleName>NuGet.Protocol</ModuleName>
      <Classes />
    </Module>
    <Module skippedDueTo="MissingPdb" hash="48-D2-2C-D4-53-7C-5A-2E-E3-77-84-2D-FC-5E-7A-AC-48-C2-79-DF">
      <ModulePath>C:\Program Files\dotnet\sdk\3.1.100\NuGet.Packaging.dll</ModulePath>
      <ModuleTime>2019-11-16T23:43:28Z</ModuleTime>
      <ModuleName>NuGet.Packaging</ModuleName>
      <Classes />
    </Module>
    <Module skippedDueTo="MissingPdb" hash="4E-B3-75-72-DD-92-6E-55-F2-5B-3C-66-80-8A-5D-C0-A5-BF-9C-EC">
      <ModulePath>C:\Program Files\dotnet\sdk\3.1.100\NuGet.DependencyResolver.Core.dll</ModulePath>
      <ModuleTime>2019-11-16T23:43:30Z</ModuleTime>
      <ModuleName>NuGet.DependencyResolver.Core</ModuleName>
      <Classes />
    </Module>
    <Module skippedDueTo="MissingPdb" hash="2B-21-D3-FC-B8-EB-4B-FE-B3-86-69-F2-A4-DE-32-C8-B3-A7-53-0B">
      <ModulePath>C:\Program Files\dotnet\sdk\3.1.100\Newtonsoft.Json.dll</ModulePath>
      <ModuleTime>2019-11-16T23:42:56Z</ModuleTime>
      <ModuleName>Newtonsoft.Json</ModuleName>
      <Classes />
    </Module>
    <Module skippedDueTo="Filter" hash="BA-23-61-07-44-A9-14-89-33-95-DF-CF-D8-0C-8E-F3-DD-AF-D1-E5">
      <ModulePath>C:\Program Files\dotnet\shared\Microsoft.NETCore.App\3.1.0\System.Linq.Expressions.dll</ModulePath>
      <ModuleTime>2019-11-15T10:21:36Z</ModuleTime>
      <ModuleName>System.Linq.Expressions</ModuleName>
      <Classes />
    </Module>
    <Module skippedDueTo="Filter" hash="A3-2F-BC-4A-1A-0E-50-AE-0C-E8-FF-FD-C9-11-CF-E1-CC-10-15-F6">
      <ModulePath>C:\Program Files\dotnet\shared\Microsoft.NETCore.App\3.1.0\System.ComponentModel.TypeConverter.dll</ModulePath>
      <ModuleTime>2019-11-15T10:21:26Z</ModuleTime>
      <ModuleName>System.ComponentModel.TypeConverter</ModuleName>
      <Classes />
    </Module>
    <Module skippedDueTo="MissingPdb" hash="19-F9-C7-DA-FC-DC-96-4C-C6-32-B7-F6-92-24-95-57-36-53-B4-C4">
      <ModulePath>C:\Program Files\dotnet\sdk\3.1.100\NuGet.LibraryModel.dll</ModulePath>
      <ModuleTime>2019-11-16T23:43:26Z</ModuleTime>
      <ModuleName>NuGet.LibraryModel</ModuleName>
      <Classes />
    </Module>
    <Module skippedDueTo="Filter" hash="81-DA-6F-7E-39-6D-46-F6-C3-BD-88-65-8F-3F-E2-04-DB-7D-7E-F9">
      <ModulePath>C:\Program Files\dotnet\shared\Microsoft.NETCore.App\3.1.0\System.Runtime.Numerics.dll</ModulePath>
      <ModuleTime>2019-11-15T10:21:36Z</ModuleTime>
      <ModuleName>System.Runtime.Numerics</ModuleName>
      <Classes />
    </Module>
    <Module skippedDueTo="Filter" hash="7D-FD-3E-6A-73-CA-33-A4-84-82-5A-A0-96-9F-92-86-51-7F-8C-A3">
      <ModulePath>C:\Program Files\dotnet\shared\Microsoft.NETCore.App\3.1.0\System.ComponentModel.dll</ModulePath>
      <ModuleTime>2019-11-15T10:21:24Z</ModuleTime>
      <ModuleName>System.ComponentModel</ModuleName>
      <Classes />
    </Module>
    <Module skippedDueTo="Filter" hash="88-BE-DB-99-83-14-87-89-86-45-00-A4-0F-72-21-81-62-EF-A6-DF">
      <ModulePath>C:\Program Files\dotnet\shared\Microsoft.NETCore.App\3.1.0\System.Runtime.Serialization.Formatters.dll</ModulePath>
      <ModuleTime>2019-11-15T10:21:16Z</ModuleTime>
      <ModuleName>System.Runtime.Serialization.Formatters</ModuleName>
      <Classes />
    </Module>
    <Module skippedDueTo="Filter" hash="DF-35-A4-CC-02-A9-F8-1F-D6-C6-AC-CE-75-A3-8B-E4-49-D4-E7-B2">
      <ModulePath>C:\Program Files\dotnet\shared\Microsoft.NETCore.App\3.1.0\System.Runtime.Serialization.Primitives.dll</ModulePath>
      <ModuleTime>2019-11-15T10:21:16Z</ModuleTime>
      <ModuleName>System.Runtime.Serialization.Primitives</ModuleName>
      <Classes />
    </Module>
    <Module skippedDueTo="Filter" hash="24-F9-A7-B3-BF-78-B8-79-B4-B2-70-A5-75-CE-13-37-91-9D-4F-B3">
      <ModulePath>C:\Program Files\dotnet\shared\Microsoft.NETCore.App\3.1.0\System.Net.Requests.dll</ModulePath>
      <ModuleTime>2019-11-15T10:20:46Z</ModuleTime>
      <ModuleName>System.Net.Requests</ModuleName>
      <Classes />
    </Module>
    <Module skippedDueTo="Filter" hash="2A-AC-1F-89-5C-4B-67-4A-72-39-8D-B2-A6-3B-DB-93-F6-5A-61-03">
      <ModulePath>C:\Program Files\dotnet\shared\Microsoft.NETCore.App\3.1.0\System.Net.NetworkInformation.dll</ModulePath>
      <ModuleTime>2019-11-15T10:21:38Z</ModuleTime>
      <ModuleName>System.Net.NetworkInformation</ModuleName>
      <Classes />
    </Module>
    <Module skippedDueTo="Filter" hash="B7-60-E4-69-42-7E-0F-F7-FA-1D-2A-DB-01-D7-D2-43-3E-66-C6-60">
      <ModulePath>C:\Program Files\dotnet\shared\Microsoft.NETCore.App\3.1.0\System.Diagnostics.DiagnosticSource.dll</ModulePath>
      <ModuleTime>2019-11-15T10:21:24Z</ModuleTime>
      <ModuleName>System.Diagnostics.DiagnosticSource</ModuleName>
      <Classes />
    </Module>
    <Module skippedDueTo="Filter" hash="79-C9-45-13-D7-83-B7-4F-6C-D9-AA-96-61-A0-5C-FB-44-88-AB-0A">
      <ModulePath>C:\Program Files\dotnet\shared\Microsoft.NETCore.App\3.1.0\System.Threading.Timer.dll</ModulePath>
      <ModuleTime>2019-11-15T10:20:52Z</ModuleTime>
      <ModuleName>System.Threading.Timer</ModuleName>
      <Classes />
    </Module>
    <Module skippedDueTo="Filter" hash="33-E4-2A-F7-43-8C-E5-77-28-20-2F-BF-BF-7C-23-89-2A-DB-2B-94">
      <ModulePath>C:\Program Files\dotnet\shared\Microsoft.NETCore.App\3.1.0\System.Net.Sockets.dll</ModulePath>
      <ModuleTime>2019-11-15T10:21:16Z</ModuleTime>
      <ModuleName>System.Net.Sockets</ModuleName>
      <Classes />
    </Module>
    <Module skippedDueTo="Filter" hash="1A-F8-0D-8F-56-8A-43-8C-0C-95-03-9B-C8-B9-A7-BC-3B-9D-64-F8">
      <ModulePath>C:\Program Files\dotnet\shared\Microsoft.NETCore.App\3.1.0\System.Threading.Overlapped.dll</ModulePath>
      <ModuleTime>2019-11-15T10:21:28Z</ModuleTime>
      <ModuleName>System.Threading.Overlapped</ModuleName>
      <Classes />
    </Module>
    <Module skippedDueTo="Filter" hash="E0-D9-2F-95-F4-D3-21-8E-95-E6-94-CE-97-84-2E-B2-B7-78-4D-9B">
      <ModulePath>C:\Program Files\dotnet\shared\Microsoft.NETCore.App\3.1.0\System.Net.NameResolution.dll</ModulePath>
      <ModuleTime>2019-11-15T10:21:36Z</ModuleTime>
      <ModuleName>System.Net.NameResolution</ModuleName>
      <Classes />
    </Module>
    <Module skippedDueTo="Filter" hash="CE-39-56-9A-7E-5A-E7-DF-EA-A5-9D-87-BF-5D-8D-2F-9E-8F-42-B9">
      <ModulePath>C:\Program Files\dotnet\shared\Microsoft.NETCore.App\3.1.0\System.Security.Principal.Windows.dll</ModulePath>
      <ModuleTime>2019-11-15T10:21:28Z</ModuleTime>
      <ModuleName>System.Security.Principal.Windows</ModuleName>
      <Classes />
    </Module>
    <Module skippedDueTo="Filter" hash="DD-C7-12-87-FC-D4-C6-D2-90-96-0A-11-C9-CC-8C-A4-E9-F9-9E-35">
      <ModulePath>C:\Program Files\dotnet\shared\Microsoft.NETCore.App\3.1.0\System.Security.Claims.dll</ModulePath>
      <ModuleTime>2019-11-15T10:21:26Z</ModuleTime>
      <ModuleName>System.Security.Claims</ModuleName>
      <Classes />
    </Module>
    <Module skippedDueTo="Filter" hash="73-A5-0F-72-2A-E9-33-CF-49-39-53-8A-65-FD-32-30-D5-40-B2-8B">
      <ModulePath>C:\Program Files\dotnet\shared\Microsoft.NETCore.App\3.1.0\System.Security.Principal.dll</ModulePath>
      <ModuleTime>2019-11-15T10:21:26Z</ModuleTime>
      <ModuleName>System.Security.Principal</ModuleName>
      <Classes />
    </Module>
    <Module skippedDueTo="MissingPdb" hash="15-8F-98-9B-D7-BE-D6-D4-00-F2-8E-95-14-6D-56-57-2D-DD-F0-FF">
      <ModulePath>C:\Program Files\dotnet\sdk\3.1.100\Microsoft.TestPlatform.Build.dll</ModulePath>
      <ModuleTime>2019-11-16T23:43:20Z</ModuleTime>
      <ModuleName>Microsoft.TestPlatform.Build</ModuleName>
      <Classes />
    </Module>
    <Module skippedDueTo="Filter" hash="48-4C-37-BA-C5-0C-CC-79-91-D4-A0-42-49-EB-B6-19-40-B3-5B-38">
      <ModulePath>C:\Program Files\dotnet\shared\Microsoft.NETCore.App\3.1.0\System.Diagnostics.Tools.dll</ModulePath>
      <ModuleTime>2019-11-15T10:21:36Z</ModuleTime>
      <ModuleName>System.Diagnostics.Tools</ModuleName>
      <Classes />
    </Module>
    <Module skippedDueTo="Filter" hash="3C-96-05-72-87-79-FD-4C-F4-CA-12-2C-6C-61-89-FC-09-BF-A6-7B">
      <ModulePath>C:\Program Files\dotnet\shared\Microsoft.NETCore.App\3.1.0\System.IO.dll</ModulePath>
      <ModuleTime>2019-11-15T10:21:40Z</ModuleTime>
      <ModuleName>System.IO</ModuleName>
      <Classes />
    </Module>
    <Module skippedDueTo="Filter" hash="ED-00-32-54-B9-B0-E1-83-B4-E0-35-BB-46-DC-91-79-05-E3-33-EC">
      <ModulePath>C:\Program Files\dotnet\shared\Microsoft.NETCore.App\3.1.0\System.Text.Encoding.dll</ModulePath>
      <ModuleTime>2019-11-15T10:21:28Z</ModuleTime>
      <ModuleName>System.Text.Encoding</ModuleName>
      <Classes />
    </Module>
    <Module skippedDueTo="Filter" hash="9D-C2-59-D2-CD-3D-1B-06-B9-73-37-69-F9-1F-E6-DB-3E-F2-0E-E9">
      <ModulePath>C:\Program Files\dotnet\shared\Microsoft.NETCore.App\3.1.0\System.IO.Compression.dll</ModulePath>
      <ModuleTime>2019-11-15T10:21:40Z</ModuleTime>
      <ModuleName>System.IO.Compression</ModuleName>
      <Classes />
    </Module>
    <Module skippedDueTo="Filter" hash="AD-35-D4-03-E6-95-D2-CA-68-06-67-DE-5F-79-70-41-22-FD-C0-D3">
      <ModulePath>C:\Program Files\dotnet\shared\Microsoft.NETCore.App\3.1.0\System.Net.Http.dll</ModulePath>
      <ModuleTime>2019-11-15T10:21:36Z</ModuleTime>
      <ModuleName>System.Net.Http</ModuleName>
      <Classes />
    </Module>
    <Module skippedDueTo="Filter" hash="6B-33-C9-9B-35-30-8E-E9-21-2D-6E-FD-C5-4B-2E-48-03-75-AC-B1">
      <ModulePath>C:\Program Files\dotnet\shared\Microsoft.NETCore.App\3.1.0\System.Net.Primitives.dll</ModulePath>
      <ModuleTime>2019-11-15T10:20:50Z</ModuleTime>
      <ModuleName>System.Net.Primitives</ModuleName>
      <Classes />
    </Module>
    <Module skippedDueTo="Filter" hash="64-AF-69-54-69-43-FB-48-5F-E3-E0-B9-5F-17-BE-46-9D-E9-74-F4">
      <ModulePath>C:\Program Files\dotnet\shared\Microsoft.NETCore.App\3.1.0\System.Threading.ThreadPool.dll</ModulePath>
      <ModuleTime>2019-11-15T10:20:28Z</ModuleTime>
      <ModuleName>System.Threading.ThreadPool</ModuleName>
      <Classes />
    </Module>
    <Module skippedDueTo="Filter" hash="61-4C-9D-A5-E8-4D-97-96-75-B3-EA-15-39-AF-A5-CB-E1-2E-DF-07">
      <ModulePath>C:\Program Files\dotnet\shared\Microsoft.NETCore.App\3.1.0\System.Net.Security.dll</ModulePath>
      <ModuleTime>2019-11-15T10:21:12Z</ModuleTime>
      <ModuleName>System.Net.Security</ModuleName>
      <Classes />
    </Module>
    <Module skippedDueTo="Filter" hash="63-6A-5C-84-FB-43-AF-77-15-A9-8E-C4-69-6C-93-32-5D-A5-4D-CB">
      <ModulePath>C:\Program Files\dotnet\shared\Microsoft.NETCore.App\3.1.0\System.Security.Cryptography.X509Certificates.dll</ModulePath>
      <ModuleTime>2019-11-15T10:21:26Z</ModuleTime>
      <ModuleName>System.Security.Cryptography.X509Certificates</ModuleName>
      <Classes />
    </Module>
    <Module skippedDueTo="Filter" hash="29-46-96-29-B0-EB-D3-DF-EB-7C-D0-C0-F0-A4-7C-DC-39-CC-45-C3">
      <ModulePath>C:\Program Files\dotnet\shared\Microsoft.NETCore.App\3.1.0\System.Security.Cryptography.Encoding.dll</ModulePath>
      <ModuleTime>2019-11-15T10:21:26Z</ModuleTime>
      <ModuleName>System.Security.Cryptography.Encoding</ModuleName>
      <Classes />
    </Module>
    <Module skippedDueTo="Filter" hash="5F-E6-D4-96-E9-A8-60-5F-D6-57-63-5B-B2-7B-A6-84-F4-B8-ED-53">
      <ModulePath>C:\Program Files\dotnet\shared\Microsoft.NETCore.App\3.1.0\System.Reflection.Metadata.dll</ModulePath>
      <ModuleTime>2019-11-15T10:21:12Z</ModuleTime>
      <ModuleName>System.Reflection.Metadata</ModuleName>
      <Classes />
    </Module>
    <Module skippedDueTo="Filter" hash="01-18-D8-2B-6F-85-2C-D4-ED-53-09-B8-3C-39-E5-91-79-3B-83-42">
      <ModulePath>C:\Program Files\dotnet\shared\Microsoft.NETCore.App\3.1.0\System.IO.MemoryMappedFiles.dll</ModulePath>
      <ModuleTime>2019-11-15T10:21:38Z</ModuleTime>
      <ModuleName>System.IO.MemoryMappedFiles</ModuleName>
      <Classes />
    </Module>
    <Module skippedDueTo="Filter" hash="0B-99-34-FB-24-9B-07-AF-1C-2D-D8-81-B6-C7-9C-F9-4A-D8-68-82">
      <ModulePath>C:\Program Files\dotnet\shared\Microsoft.NETCore.App\3.1.0\mscorlib.dll</ModulePath>
      <ModuleTime>2019-11-15T03:11:22Z</ModuleTime>
      <ModuleName>mscorlib</ModuleName>
      <Classes />
    </Module>
    <Module skippedDueTo="MissingPdb" hash="3C-DF-E0-4F-A1-8B-AA-06-9D-75-55-88-49-51-3A-2F-97-2A-81-B5">
      <ModulePath>C:\Program Files\dotnet\sdk\3.1.100\Microsoft.Extensions.DependencyModel.dll</ModulePath>
      <ModuleTime>2019-11-16T23:43:14Z</ModuleTime>
      <ModuleName>Microsoft.Extensions.DependencyModel</ModuleName>
      <Classes />
    </Module>
    <Module skippedDueTo="Filter" hash="9A-B3-FA-3B-6C-DC-73-F4-FF-50-F5-40-A1-9E-33-FC-05-80-EF-B1">
      <ModulePath>C:\Program Files\dotnet\shared\Microsoft.NETCore.App\3.1.0\System.Text.Json.dll</ModulePath>
      <ModuleTime>2019-11-15T10:21:20Z</ModuleTime>
      <ModuleName>System.Text.Json</ModuleName>
      <Classes />
    </Module>
    <Module skippedDueTo="Filter" hash="95-F0-F6-70-A2-D5-87-1C-C5-D7-D2-31-39-B1-D9-7E-E6-6B-91-A3">
      <ModulePath>C:\Program Files\dotnet\shared\Microsoft.NETCore.App\3.1.0\System.Text.Encodings.Web.dll</ModulePath>
      <ModuleTime>2019-11-15T10:21:26Z</ModuleTime>
      <ModuleName>System.Text.Encodings.Web</ModuleName>
      <Classes />
    </Module>
    <Module skippedDueTo="Filter" hash="87-15-4A-B4-55-4E-42-FE-95-2F-6E-27-AA-C3-CE-59-C1-6A-0D-A5">
      <ModulePath>C:\Program Files\dotnet\shared\Microsoft.NETCore.App\3.1.0\System.Collections.Specialized.dll</ModulePath>
      <ModuleTime>2019-11-15T10:21:26Z</ModuleTime>
      <ModuleName>System.Collections.Specialized</ModuleName>
      <Classes />
    </Module>
    <Module skippedDueTo="Filter" hash="86-47-8D-98-12-BB-91-B0-AD-0A-0C-EE-A2-D4-9D-D9-CB-F5-5B-7B">
      <ModulePath>C:\Program Files\dotnet\shared\Microsoft.NETCore.App\3.1.0\System.Drawing.Primitives.dll</ModulePath>
      <ModuleTime>2019-11-15T10:21:38Z</ModuleTime>
      <ModuleName>System.Drawing.Primitives</ModuleName>
      <Classes />
    </Module>
    <Module skippedDueTo="Filter" hash="04-8C-8E-E3-98-53-F0-54-32-EA-89-0C-69-81-08-3E-02-F9-08-A3">
      <ModulePath>C:\Program Files\dotnet\shared\Microsoft.NETCore.App\3.1.0\System.Data.Common.dll</ModulePath>
      <ModuleTime>2019-11-15T10:21:30Z</ModuleTime>
      <ModuleName>System.Data.Common</ModuleName>
      <Classes />
    </Module>
    <Module skippedDueTo="MissingPdb" hash="">
      <ModulePath>RefEmit_InMemoryManifestModule</ModulePath>
      <ModuleTime>0001-01-01T00:00:00</ModuleTime>
      <ModuleName>Anonymously Hosted DynamicMethods Assembly</ModuleName>
      <Classes />
    </Module>
    <Module skippedDueTo="Filter" hash="89-72-05-49-87-BF-DE-07-B4-D4-E3-D9-BF-F4-66-16-D2-BF-4D-E7">
      <ModulePath>C:\Program Files\dotnet\shared\Microsoft.NETCore.App\3.1.0\System.Core.dll</ModulePath>
      <ModuleTime>2019-11-15T10:21:30Z</ModuleTime>
      <ModuleName>System.Core</ModuleName>
      <Classes />
    </Module>
    <Module skippedDueTo="MissingPdb" hash="10-14-38-E0-B4-CA-A6-02-FD-6B-9C-6A-DD-4B-D5-3E-EF-C3-7F-1A">
      <ModulePath>C:\Program Files\dotnet\sdk\3.1.100\Roslyn\Microsoft.Build.Tasks.CodeAnalysis.dll</ModulePath>
      <ModuleTime>2019-11-16T23:43:50Z</ModuleTime>
      <ModuleName>Microsoft.Build.Tasks.CodeAnalysis</ModuleName>
      <Classes />
    </Module>
    <Module skippedDueTo="Filter" hash="CE-39-56-9A-7E-5A-E7-DF-EA-A5-9D-87-BF-5D-8D-2F-9E-8F-42-B9">
      <ModulePath>C:\Program Files\dotnet\shared\Microsoft.NETCore.App\3.1.0\System.Security.Principal.Windows.dll</ModulePath>
      <ModuleTime>2019-11-15T10:21:28Z</ModuleTime>
      <ModuleName>System.Security.Principal.Windows</ModuleName>
      <Classes />
    </Module>
    <Module skippedDueTo="Filter" hash="DD-C7-12-87-FC-D4-C6-D2-90-96-0A-11-C9-CC-8C-A4-E9-F9-9E-35">
      <ModulePath>C:\Program Files\dotnet\shared\Microsoft.NETCore.App\3.1.0\System.Security.Claims.dll</ModulePath>
      <ModuleTime>2019-11-15T10:21:26Z</ModuleTime>
      <ModuleName>System.Security.Claims</ModuleName>
      <Classes />
    </Module>
    <Module skippedDueTo="Filter" hash="73-A5-0F-72-2A-E9-33-CF-49-39-53-8A-65-FD-32-30-D5-40-B2-8B">
      <ModulePath>C:\Program Files\dotnet\shared\Microsoft.NETCore.App\3.1.0\System.Security.Principal.dll</ModulePath>
      <ModuleTime>2019-11-15T10:21:26Z</ModuleTime>
      <ModuleName>System.Security.Principal</ModuleName>
      <Classes />
    </Module>
    <Module skippedDueTo="Filter" hash="E8-4E-3A-2C-2E-E3-70-D5-57-92-8F-E4-9B-0F-BF-09-28-FF-5B-F3">
      <ModulePath>C:\Program Files\dotnet\shared\Microsoft.NETCore.App\3.1.0\System.IO.Pipes.dll</ModulePath>
      <ModuleTime>2019-11-15T10:21:42Z</ModuleTime>
      <ModuleName>System.IO.Pipes</ModuleName>
      <Classes />
    </Module>
    <Module skippedDueTo="Filter" hash="1A-F8-0D-8F-56-8A-43-8C-0C-95-03-9B-C8-B9-A7-BC-3B-9D-64-F8">
      <ModulePath>C:\Program Files\dotnet\shared\Microsoft.NETCore.App\3.1.0\System.Threading.Overlapped.dll</ModulePath>
      <ModuleTime>2019-11-15T10:21:28Z</ModuleTime>
      <ModuleName>System.Threading.Overlapped</ModuleName>
      <Classes />
    </Module>
    <Module skippedDueTo="Filter" hash="58-5C-D4-C8-14-EC-96-0C-1F-B7-45-EF-40-7C-B1-39-EE-27-75-38">
      <ModulePath>C:\Program Files\dotnet\shared\Microsoft.NETCore.App\3.1.0\System.Security.AccessControl.dll</ModulePath>
      <ModuleTime>2019-11-15T10:21:20Z</ModuleTime>
      <ModuleName>System.Security.AccessControl</ModuleName>
      <Classes />
    </Module>
    <Module skippedDueTo="Filter" hash="7F-71-9D-12-6D-0E-48-55-8B-C5-1B-3F-06-BA-94-A5-81-90-A6-EE">
      <ModulePath>C:\Program Files\dotnet\shared\Microsoft.NETCore.App\3.1.0\System.Private.CoreLib.dll</ModulePath>
      <ModuleTime>2019-11-14T19:36:38Z</ModuleTime>
      <ModuleName>System.Private.CoreLib</ModuleName>
      <Classes />
    </Module>
    <Module skippedDueTo="MissingPdb" hash="AF-72-13-73-46-DD-D1-66-BC-6A-F6-04-E2-4D-6B-B9-45-E2-4A-F3">
      <ModulePath>C:\Program Files\dotnet\sdk\3.1.100\vstest.console.dll</ModulePath>
      <ModuleTime>2019-11-16T23:43:02Z</ModuleTime>
      <ModuleName>vstest.console</ModuleName>
      <Classes />
    </Module>
    <Module skippedDueTo="Filter" hash="49-12-C5-87-33-4E-23-8C-7F-EA-13-AB-94-F2-F2-C8-BC-E8-B8-3A">
      <ModulePath>C:\Program Files\dotnet\shared\Microsoft.NETCore.App\3.1.0\System.Runtime.dll</ModulePath>
      <ModuleTime>2019-11-15T10:20:48Z</ModuleTime>
      <ModuleName>System.Runtime</ModuleName>
      <Classes />
    </Module>
    <Module skippedDueTo="Filter" hash="4B-C4-0A-79-04-77-B5-67-50-3D-FF-6B-CF-F0-76-0A-5D-32-14-62">
      <ModulePath>C:\Program Files\dotnet\shared\Microsoft.NETCore.App\3.1.0\System.Diagnostics.Process.dll</ModulePath>
      <ModuleTime>2019-11-15T10:21:34Z</ModuleTime>
      <ModuleName>System.Diagnostics.Process</ModuleName>
      <Classes />
    </Module>
    <Module skippedDueTo="Filter" hash="AA-54-D5-62-D3-86-20-05-F8-F2-4F-66-C8-0D-2F-6D-4C-51-39-A5">
      <ModulePath>C:\Program Files\dotnet\shared\Microsoft.NETCore.App\3.1.0\System.ComponentModel.Primitives.dll</ModulePath>
      <ModuleTime>2019-11-15T10:21:04Z</ModuleTime>
      <ModuleName>System.ComponentModel.Primitives</ModuleName>
      <Classes />
    </Module>
    <Module skippedDueTo="Filter" hash="7B-D1-0E-28-44-7B-D2-F7-BD-49-17-26-D7-60-51-BC-1D-F5-62-8B">
      <ModulePath>C:\Program Files\dotnet\shared\Microsoft.NETCore.App\3.1.0\System.Runtime.Extensions.dll</ModulePath>
      <ModuleTime>2019-11-15T10:21:12Z</ModuleTime>
      <ModuleName>System.Runtime.Extensions</ModuleName>
      <Classes />
    </Module>
    <Module skippedDueTo="MissingPdb" hash="09-30-CF-64-BF-18-97-E6-87-A4-03-B5-6E-36-02-DD-E9-C8-F2-E8">
      <ModulePath>C:\Program Files\dotnet\sdk\3.1.100\Microsoft.TestPlatform.CoreUtilities.dll</ModulePath>
      <ModuleTime>2019-11-16T23:43:22Z</ModuleTime>
      <ModuleName>Microsoft.TestPlatform.CoreUtilities</ModuleName>
      <Classes />
    </Module>
    <Module skippedDueTo="MissingPdb" hash="B1-F5-74-59-D8-23-0A-D6-16-C1-40-37-4E-BB-FF-A7-81-D0-F1-C2">
      <ModulePath>C:\Program Files\dotnet\shared\Microsoft.NETCore.App\3.1.0\netstandard.dll</ModulePath>
      <ModuleTime>2019-11-15T10:21:32Z</ModuleTime>
      <ModuleName>netstandard</ModuleName>
      <Classes />
    </Module>
    <Module skippedDueTo="Filter" hash="AB-9A-97-DD-47-45-F5-8E-CB-D3-A3-05-E9-16-20-9C-66-81-35-3A">
      <ModulePath>C:\Program Files\dotnet\shared\Microsoft.NETCore.App\3.1.0\System.Diagnostics.Debug.dll</ModulePath>
      <ModuleTime>2019-11-15T10:21:32Z</ModuleTime>
      <ModuleName>System.Diagnostics.Debug</ModuleName>
      <Classes />
    </Module>
    <Module skippedDueTo="Filter" hash="C4-8B-A3-2A-C3-94-19-D9-B7-62-DC-EF-BC-29-1D-F8-3D-12-D6-50">
      <ModulePath>C:\Program Files\dotnet\shared\Microsoft.NETCore.App\3.1.0\System.Threading.Thread.dll</ModulePath>
      <ModuleTime>2019-11-15T10:20:28Z</ModuleTime>
      <ModuleName>System.Threading.Thread</ModuleName>
      <Classes />
    </Module>
    <Module skippedDueTo="Filter" hash="DB-E8-19-72-5F-E4-E9-25-D6-38-6D-A7-C8-49-E6-22-84-BD-64-B3">
      <ModulePath>C:\Program Files\dotnet\shared\Microsoft.NETCore.App\3.1.0\System.Threading.dll</ModulePath>
      <ModuleTime>2019-11-15T10:21:28Z</ModuleTime>
      <ModuleName>System.Threading</ModuleName>
      <Classes />
    </Module>
    <Module skippedDueTo="Filter" hash="16-21-1D-50-2F-50-98-86-49-AA-80-17-33-C1-71-BC-03-7A-EC-58">
      <ModulePath>C:\Program Files\dotnet\shared\Microsoft.NETCore.App\3.1.0\System.Console.dll</ModulePath>
      <ModuleTime>2019-11-15T10:21:30Z</ModuleTime>
      <ModuleName>System.Console</ModuleName>
      <Classes />
    </Module>
    <Module skippedDueTo="Filter" hash="2A-E5-DE-77-D9-66-8D-2A-84-28-AD-D4-ED-66-60-04-42-05-C8-8A">
      <ModulePath>C:\Program Files\dotnet\shared\Microsoft.NETCore.App\3.1.0\System.Text.Encoding.Extensions.dll</ModulePath>
      <ModuleTime>2019-11-15T10:21:26Z</ModuleTime>
      <ModuleName>System.Text.Encoding.Extensions</ModuleName>
      <Classes />
    </Module>
    <Module skippedDueTo="Filter" hash="E2-37-79-30-04-1F-A1-43-0D-E5-31-02-12-51-AC-8F-F9-C3-00-51">
      <ModulePath>C:\Program Files\dotnet\shared\Microsoft.NETCore.App\3.1.0\System.Diagnostics.Tracing.dll</ModulePath>
      <ModuleTime>2019-11-15T10:21:34Z</ModuleTime>
      <ModuleName>System.Diagnostics.Tracing</ModuleName>
      <Classes />
    </Module>
    <Module skippedDueTo="Filter" hash="F7-A4-74-6B-25-C2-F4-E3-5B-68-A9-97-CF-BA-14-90-54-FA-2D-90">
      <ModulePath>C:\Program Files\dotnet\shared\Microsoft.NETCore.App\3.1.0\System.Collections.dll</ModulePath>
      <ModuleTime>2019-11-15T10:21:04Z</ModuleTime>
      <ModuleName>System.Collections</ModuleName>
      <Classes />
    </Module>
    <Module skippedDueTo="MissingPdb" hash="51-88-49-0F-56-DB-BE-E6-75-C9-80-83-DD-C9-3A-AE-29-7C-08-40">
      <ModulePath>C:\Program Files\dotnet\sdk\3.1.100\Microsoft.VisualStudio.TestPlatform.ObjectModel.dll</ModulePath>
      <ModuleTime>2019-11-16T23:43:28Z</ModuleTime>
      <ModuleName>Microsoft.VisualStudio.TestPlatform.ObjectModel</ModuleName>
      <Classes />
    </Module>
    <Module skippedDueTo="MissingPdb" hash="C5-8B-12-62-82-20-CC-5A-4A-F3-86-74-78-16-4B-22-4C-E1-B8-E6">
      <ModulePath>C:\Program Files\dotnet\sdk\3.1.100\Microsoft.VisualStudio.TestPlatform.Client.dll</ModulePath>
      <ModuleTime>2019-11-16T23:43:28Z</ModuleTime>
      <ModuleName>Microsoft.VisualStudio.TestPlatform.Client</ModuleName>
      <Classes />
    </Module>
    <Module skippedDueTo="MissingPdb" hash="C0-E2-57-79-AC-E1-0F-AD-C4-56-80-BA-89-9C-85-7C-AE-6E-C5-55">
      <ModulePath>C:\Program Files\dotnet\sdk\3.1.100\Microsoft.VisualStudio.TestPlatform.Common.dll</ModulePath>
      <ModuleTime>2019-11-16T23:43:22Z</ModuleTime>
      <ModuleName>Microsoft.VisualStudio.TestPlatform.Common</ModuleName>
      <Classes />
    </Module>
    <Module skippedDueTo="Filter" hash="F9-C8-DF-D6-0C-F0-B3-2E-59-36-55-E0-07-DC-34-5C-94-3F-18-F0">
      <ModulePath>C:\Program Files\dotnet\shared\Microsoft.NETCore.App\3.1.0\System.Linq.dll</ModulePath>
      <ModuleTime>2019-11-15T10:21:34Z</ModuleTime>
      <ModuleName>System.Linq</ModuleName>
      <Classes />
    </Module>
    <Module skippedDueTo="Filter" hash="0B-4B-99-5C-19-9C-AC-4F-9D-EA-68-11-C1-31-A5-1D-24-39-87-3C">
      <ModulePath>C:\Program Files\dotnet\shared\Microsoft.NETCore.App\3.1.0\System.Runtime.InteropServices.dll</ModulePath>
      <ModuleTime>2019-11-15T10:21:12Z</ModuleTime>
      <ModuleName>System.Runtime.InteropServices</ModuleName>
      <Classes />
    </Module>
    <Module skippedDueTo="Filter" hash="9F-EB-5A-A3-E1-B8-F2-53-17-A4-AE-87-AA-8D-FB-88-EC-92-74-EE">
      <ModulePath>C:\Program Files\dotnet\shared\Microsoft.NETCore.App\3.1.0\System.Resources.ResourceManager.dll</ModulePath>
      <ModuleTime>2019-11-15T10:21:18Z</ModuleTime>
      <ModuleName>System.Resources.ResourceManager</ModuleName>
      <Classes />
    </Module>
    <Module skippedDueTo="Filter" hash="70-38-36-31-8C-20-B3-BD-CF-D5-F6-44-65-4D-ED-C4-19-DE-27-F1">
      <ModulePath>C:\Program Files\dotnet\shared\Microsoft.NETCore.App\3.1.0\System.IO.FileSystem.dll</ModulePath>
      <ModuleTime>2019-11-15T10:21:36Z</ModuleTime>
      <ModuleName>System.IO.FileSystem</ModuleName>
      <Classes />
    </Module>
    <Module skippedDueTo="Filter" hash="FD-42-93-12-C1-B4-80-E9-F2-62-37-7E-6A-0A-20-96-BD-E7-6C-2F">
      <ModulePath>C:\Program Files\dotnet\shared\Microsoft.NETCore.App\3.1.0\System.Xml.ReaderWriter.dll</ModulePath>
      <ModuleTime>2019-11-15T10:20:28Z</ModuleTime>
      <ModuleName>System.Xml.ReaderWriter</ModuleName>
      <Classes />
    </Module>
    <Module skippedDueTo="Filter" hash="33-24-7C-E8-62-B3-75-92-26-3B-4D-DA-02-03-E6-D0-21-57-19-5F">
      <ModulePath>C:\Program Files\dotnet\shared\Microsoft.NETCore.App\3.1.0\System.Private.Xml.dll</ModulePath>
      <ModuleTime>2019-11-15T10:21:14Z</ModuleTime>
      <ModuleName>System.Private.Xml</ModuleName>
      <Classes />
    </Module>
    <Module skippedDueTo="MissingPdb" hash="70-CC-C1-06-7C-13-CC-CB-7F-82-FF-E7-08-98-FD-6B-D1-3E-92-41">
      <ModulePath>C:\Program Files\dotnet\sdk\3.1.100\Microsoft.TestPlatform.PlatformAbstractions.dll</ModulePath>
      <ModuleTime>2019-11-16T23:43:24Z</ModuleTime>
      <ModuleName>Microsoft.TestPlatform.PlatformAbstractions</ModuleName>
      <Classes />
    </Module>
    <Module skippedDueTo="MissingPdb" hash="C0-3B-C6-95-60-29-76-EA-A7-1F-36-48-BE-42-9D-21-5E-8F-EE-20">
      <ModulePath>C:\Program Files\dotnet\sdk\3.1.100\Microsoft.TestPlatform.Utilities.dll</ModulePath>
      <ModuleTime>2019-11-16T23:43:28Z</ModuleTime>
      <ModuleName>Microsoft.TestPlatform.Utilities</ModuleName>
      <Classes />
    </Module>
    <Module skippedDueTo="Filter" hash="E2-15-B8-EE-3B-F5-99-5A-22-F7-5F-5A-17-4B-5B-B3-C6-B4-C8-4C">
      <ModulePath>C:\Program Files\dotnet\shared\Microsoft.NETCore.App\3.1.0\System.Runtime.InteropServices.RuntimeInformation.dll</ModulePath>
      <ModuleTime>2019-11-15T10:21:14Z</ModuleTime>
      <ModuleName>System.Runtime.InteropServices.RuntimeInformation</ModuleName>
      <Classes />
    </Module>
    <Module skippedDueTo="MissingPdb" hash="52-D2-72-50-11-71-02-9C-D0-01-F5-79-44-5C-89-2F-0B-B3-10-E3">
      <ModulePath>C:\Program Files\dotnet\sdk\3.1.100\NuGet.Frameworks.dll</ModulePath>
      <ModuleTime>2019-11-16T23:43:26Z</ModuleTime>
      <ModuleName>NuGet.Frameworks</ModuleName>
      <Classes />
    </Module>
    <Module skippedDueTo="Filter" hash="EE-02-8F-07-2A-4D-97-EF-EA-E3-1F-AD-EB-F0-3A-D9-4F-B2-5C-5D">
      <ModulePath>C:\Program Files\dotnet\shared\Microsoft.NETCore.App\3.1.0\System.Private.Uri.dll</ModulePath>
      <ModuleTime>2019-11-15T10:21:20Z</ModuleTime>
      <ModuleName>System.Private.Uri</ModuleName>
      <Classes />
    </Module>
    <Module skippedDueTo="Filter" hash="CE-2D-EF-B9-A3-5D-38-0C-41-51-0B-34-FF-88-90-F9-AE-90-A5-D1">
      <ModulePath>C:\Program Files\dotnet\shared\Microsoft.NETCore.App\3.1.0\System.Memory.dll</ModulePath>
      <ModuleTime>2019-11-15T10:21:36Z</ModuleTime>
      <ModuleName>System.Memory</ModuleName>
      <Classes />
    </Module>
    <Module skippedDueTo="Filter" hash="96-B9-12-56-A8-CB-8F-AC-D3-B9-59-F2-CD-54-B4-6A-DA-34-96-4E">
      <ModulePath>C:\Program Files\dotnet\shared\Microsoft.NETCore.App\3.1.0\System.Security.Cryptography.Algorithms.dll</ModulePath>
      <ModuleTime>2019-11-15T10:21:24Z</ModuleTime>
      <ModuleName>System.Security.Cryptography.Algorithms</ModuleName>
      <Classes />
    </Module>
    <Module skippedDueTo="Filter" hash="FE-0F-D3-19-81-CA-5A-65-44-D1-97-FB-21-B0-34-9B-57-FB-62-6F">
      <ModulePath>C:\Program Files\dotnet\shared\Microsoft.NETCore.App\3.1.0\System.Diagnostics.TraceSource.dll</ModulePath>
      <ModuleTime>2019-11-15T10:21:34Z</ModuleTime>
      <ModuleName>System.Diagnostics.TraceSource</ModuleName>
      <Classes />
    </Module>
    <Module skippedDueTo="Filter" hash="64-AF-69-54-69-43-FB-48-5F-E3-E0-B9-5F-17-BE-46-9D-E9-74-F4">
      <ModulePath>C:\Program Files\dotnet\shared\Microsoft.NETCore.App\3.1.0\System.Threading.ThreadPool.dll</ModulePath>
      <ModuleTime>2019-11-15T10:20:28Z</ModuleTime>
      <ModuleName>System.Threading.ThreadPool</ModuleName>
      <Classes />
    </Module>
    <Module skippedDueTo="Filter" hash="1B-FD-D6-F6-9D-9A-8B-0B-19-D9-76-26-62-7F-C1-F8-E8-A5-D5-57">
      <ModulePath>C:\Program Files\dotnet\shared\Microsoft.NETCore.App\3.1.0\System.Collections.NonGeneric.dll</ModulePath>
      <ModuleTime>2019-11-15T10:21:30Z</ModuleTime>
      <ModuleName>System.Collections.NonGeneric</ModuleName>
      <Classes />
    </Module>
    <Module skippedDueTo="MissingPdb" hash="56-2A-32-90-0E-72-AF-10-23-8A-44-ED-EC-53-A8-5A-9D-4D-9F-35">
      <ModulePath>C:\Program Files\dotnet\sdk\3.1.100\Microsoft.Extensions.FileSystemGlobbing.dll</ModulePath>
      <ModuleTime>2019-11-16T23:43:16Z</ModuleTime>
      <ModuleName>Microsoft.Extensions.FileSystemGlobbing</ModuleName>
      <Classes />
    </Module>
    <Module skippedDueTo="MissingPdb" hash="70-FD-B0-81-6A-39-C1-4E-C1-DA-6E-02-C9-1C-BB-8A-C8-D0-DB-CA">
      <ModulePath>C:\Program Files\dotnet\sdk\3.1.100\Microsoft.TestPlatform.CrossPlatEngine.dll</ModulePath>
      <ModuleTime>2019-11-16T23:43:20Z</ModuleTime>
      <ModuleName>Microsoft.TestPlatform.CrossPlatEngine</ModuleName>
      <Classes />
    </Module>
    <Module skippedDueTo="Filter" hash="57-6E-F1-C0-98-3A-E8-B3-5E-AA-AA-91-DB-70-6A-7C-F4-BB-AD-B7">
      <ModulePath>C:\Program Files\dotnet\shared\Microsoft.NETCore.App\3.1.0\System.Runtime.Loader.dll</ModulePath>
      <ModuleTime>2019-11-15T10:21:16Z</ModuleTime>
      <ModuleName>System.Runtime.Loader</ModuleName>
      <Classes />
    </Module>
    <Module skippedDueTo="MissingPdb" hash="A6-F7-B1-9E-2C-40-C8-42-60-0E-C9-36-59-50-64-90-0F-E6-9D-92">
      <ModulePath>C:\Program Files\dotnet\sdk\3.1.100\Extensions\Microsoft.TestPlatform.Extensions.BlameDataCollector.dll</ModulePath>
      <ModuleTime>2019-11-16T23:43:12Z</ModuleTime>
      <ModuleName>Microsoft.TestPlatform.Extensions.BlameDataCollector</ModuleName>
      <Classes />
    </Module>
    <Module skippedDueTo="MissingPdb" hash="26-8E-67-2F-F9-B2-58-15-79-C3-30-51-AF-DF-A6-AE-93-9D-A1-79">
      <ModulePath>C:\Program Files\dotnet\sdk\3.1.100\Extensions\Microsoft.TestPlatform.Extensions.EventLogCollector.dll</ModulePath>
      <ModuleTime>2019-09-19T00:02:14Z</ModuleTime>
      <ModuleName>Microsoft.TestPlatform.Extensions.EventLogCollector</ModuleName>
      <Classes />
    </Module>
    <Module skippedDueTo="Filter" hash="0B-99-34-FB-24-9B-07-AF-1C-2D-D8-81-B6-C7-9C-F9-4A-D8-68-82">
      <ModulePath>C:\Program Files\dotnet\shared\Microsoft.NETCore.App\3.1.0\mscorlib.dll</ModulePath>
      <ModuleTime>2019-11-15T03:11:22Z</ModuleTime>
      <ModuleName>mscorlib</ModuleName>
      <Classes />
    </Module>
    <Module skippedDueTo="Filter" hash="A1-6D-6F-1B-C4-D6-94-8D-2E-02-DF-B0-A2-01-71-B4-7F-16-5F-7A">
      <ModulePath>C:\Program Files\dotnet\shared\Microsoft.NETCore.App\3.1.0\System.Xml.dll</ModulePath>
      <ModuleTime>2019-11-15T10:20:52Z</ModuleTime>
[...]
      <ModuleTime>2019-04-17T11:24:34Z</ModuleTime>
      <ModuleName>System.IO.MemoryMappedFiles</ModuleName>
      <Classes />
    </Module>
    <Module skippedDueTo="Filter" hash="1A-8F-3F-6B-6F-B2-91-B9-4B-2C-69-2E-F2-AB-3B-AF-B8-CA-4E-45">
      <ModulePath>C:\Program Files\dotnet\shared\Microsoft.NETCore.App\2.1.11\System.IO.Pipes.AccessControl.dll</ModulePath>
      <ModuleTime>2019-04-17T11:24:34Z</ModuleTime>
      <ModuleName>System.IO.Pipes.AccessControl</ModuleName>
      <Classes />
    </Module>
    <Module skippedDueTo="Filter" hash="F9-A8-A0-2F-13-73-AE-32-71-1B-DA-50-45-53-B2-94-BD-28-1C-74">
      <ModulePath>C:\Program Files\dotnet\shared\Microsoft.NETCore.App\2.1.11\System.IO.Pipes.dll</ModulePath>
      <ModuleTime>2019-04-17T11:24:34Z</ModuleTime>
      <ModuleName>System.IO.Pipes</ModuleName>
      <Classes />
    </Module>
    <Module skippedDueTo="Filter" hash="D8-73-DA-57-42-4C-68-E3-6D-57-E0-7B-B3-6A-78-33-A7-A0-C2-E1">
      <ModulePath>C:\Program Files\dotnet\shared\Microsoft.NETCore.App\2.1.11\System.IO.UnmanagedMemoryStream.dll</ModulePath>
      <ModuleTime>2019-04-17T11:24:34Z</ModuleTime>
      <ModuleName>System.IO.UnmanagedMemoryStream</ModuleName>
      <Classes />
    </Module>
    <Module skippedDueTo="Filter" hash="56-1C-5B-F4-CB-F6-EE-50-63-20-9E-C8-CC-C5-CD-35-E7-13-FA-CE">
      <ModulePath>C:\Program Files\dotnet\shared\Microsoft.NETCore.App\2.1.11\System.Linq.Parallel.dll</ModulePath>
      <ModuleTime>2019-04-17T11:24:34Z</ModuleTime>
      <ModuleName>System.Linq.Parallel</ModuleName>
      <Classes />
    </Module>
    <Module skippedDueTo="Filter" hash="93-9C-DE-64-15-69-52-A3-FB-34-00-75-B6-A9-13-7B-D3-85-40-C6">
      <ModulePath>C:\Program Files\dotnet\shared\Microsoft.NETCore.App\2.1.11\System.Linq.Queryable.dll</ModulePath>
      <ModuleTime>2019-04-17T11:24:34Z</ModuleTime>
      <ModuleName>System.Linq.Queryable</ModuleName>
      <Classes />
    </Module>
    <Module skippedDueTo="Filter" hash="C4-54-F6-85-47-69-11-58-4D-72-DB-C5-91-D4-66-5B-96-B3-28-F1">
      <ModulePath>C:\Program Files\dotnet\shared\Microsoft.NETCore.App\2.1.11\System.Net.Security.dll</ModulePath>
      <ModuleTime>2019-04-17T11:24:34Z</ModuleTime>
      <ModuleName>System.Net.Security</ModuleName>
      <Classes />
    </Module>
    <Module skippedDueTo="Filter" hash="CB-0E-D0-45-44-45-0C-9E-44-46-74-3A-6B-13-1C-13-FF-64-44-65">
      <ModulePath>C:\Program Files\dotnet\shared\Microsoft.NETCore.App\2.1.11\System.Net.HttpListener.dll</ModulePath>
      <ModuleTime>2019-04-17T11:24:34Z</ModuleTime>
      <ModuleName>System.Net.HttpListener</ModuleName>
      <Classes />
    </Module>
    <Module skippedDueTo="Filter" hash="58-00-08-DC-DD-55-80-CB-0D-26-36-00-50-DC-BC-18-FF-2F-5A-FB">
      <ModulePath>C:\Program Files\dotnet\shared\Microsoft.NETCore.App\2.1.11\System.Net.Mail.dll</ModulePath>
      <ModuleTime>2019-04-17T11:24:34Z</ModuleTime>
      <ModuleName>System.Net.Mail</ModuleName>
      <Classes />
    </Module>
    <Module skippedDueTo="Filter" hash="84-59-DA-E4-87-D0-2C-67-00-C7-83-3E-2C-EF-4B-30-CE-79-4D-92">
      <ModulePath>C:\Program Files\dotnet\shared\Microsoft.NETCore.App\2.1.11\System.Net.NetworkInformation.dll</ModulePath>
      <ModuleTime>2019-04-17T11:24:34Z</ModuleTime>
      <ModuleName>System.Net.NetworkInformation</ModuleName>
      <Classes />
    </Module>
    <Module skippedDueTo="Filter" hash="1E-DE-AA-25-1D-9D-E5-3B-AA-27-46-B7-33-AE-D4-53-8F-85-B0-47">
      <ModulePath>C:\Program Files\dotnet\shared\Microsoft.NETCore.App\2.1.11\System.Net.Ping.dll</ModulePath>
      <ModuleTime>2019-04-17T11:24:34Z</ModuleTime>
      <ModuleName>System.Net.Ping</ModuleName>
      <Classes />
    </Module>
    <Module skippedDueTo="Filter" hash="10-FC-B3-6F-5A-54-06-DD-F9-A4-A7-C6-86-07-97-16-3D-3A-6A-D9">
      <ModulePath>C:\Program Files\dotnet\shared\Microsoft.NETCore.App\2.1.11\System.Net.Requests.dll</ModulePath>
      <ModuleTime>2019-04-17T11:24:34Z</ModuleTime>
      <ModuleName>System.Net.Requests</ModuleName>
      <Classes />
    </Module>
    <Module skippedDueTo="Filter" hash="CD-E0-14-75-69-62-96-58-57-87-DF-64-5B-F4-2F-16-6B-4A-53-B1">
      <ModulePath>C:\Program Files\dotnet\shared\Microsoft.NETCore.App\2.1.11\System.Net.ServicePoint.dll</ModulePath>
      <ModuleTime>2019-04-17T11:24:34Z</ModuleTime>
      <ModuleName>System.Net.ServicePoint</ModuleName>
      <Classes />
    </Module>
    <Module skippedDueTo="Filter" hash="FE-BD-20-B7-74-0A-68-B8-0C-8F-D0-D4-E9-C6-93-DB-06-15-FD-C7">
      <ModulePath>C:\Program Files\dotnet\shared\Microsoft.NETCore.App\2.1.11\System.Net.WebClient.dll</ModulePath>
      <ModuleTime>2019-04-17T11:24:34Z</ModuleTime>
      <ModuleName>System.Net.WebClient</ModuleName>
      <Classes />
    </Module>
    <Module skippedDueTo="Filter" hash="38-44-C3-0B-49-8E-D2-93-63-3E-E0-08-7B-03-DA-87-B6-00-0A-FD">
      <ModulePath>C:\Program Files\dotnet\shared\Microsoft.NETCore.App\2.1.11\System.Net.WebHeaderCollection.dll</ModulePath>
      <ModuleTime>2019-04-17T11:24:34Z</ModuleTime>
      <ModuleName>System.Net.WebHeaderCollection</ModuleName>
      <Classes />
    </Module>
    <Module skippedDueTo="Filter" hash="83-C1-17-19-1A-B3-A0-AF-EB-80-4F-A1-D3-33-6C-3E-00-67-88-24">
      <ModulePath>C:\Program Files\dotnet\shared\Microsoft.NETCore.App\2.1.11\System.Net.WebProxy.dll</ModulePath>
      <ModuleTime>2019-04-17T11:24:34Z</ModuleTime>
      <ModuleName>System.Net.WebProxy</ModuleName>
      <Classes />
    </Module>
    <Module skippedDueTo="Filter" hash="A1-BA-8C-C1-90-10-EF-F9-4C-6A-3A-A2-E0-C1-6F-BE-33-B8-5A-F5">
      <ModulePath>C:\Program Files\dotnet\shared\Microsoft.NETCore.App\2.1.11\System.Net.WebSockets.Client.dll</ModulePath>
      <ModuleTime>2019-04-17T11:24:34Z</ModuleTime>
      <ModuleName>System.Net.WebSockets.Client</ModuleName>
      <Classes />
    </Module>
    <Module skippedDueTo="Filter" hash="CB-C8-FA-D7-30-F8-FA-1F-0A-F4-12-67-F1-CB-C0-DF-44-FA-DE-13">
      <ModulePath>C:\Program Files\dotnet\shared\Microsoft.NETCore.App\2.1.11\System.Net.dll</ModulePath>
      <ModuleTime>2019-04-17T11:24:34Z</ModuleTime>
      <ModuleName>System.Net</ModuleName>
      <Classes />
    </Module>
    <Module skippedDueTo="Filter" hash="BB-1B-6E-EB-3D-84-0B-C1-C2-8D-2C-7E-44-7C-E2-E7-C9-B7-C9-3B">
      <ModulePath>C:\Program Files\dotnet\shared\Microsoft.NETCore.App\2.1.11\System.Numerics.Vectors.dll</ModulePath>
      <ModuleTime>2019-04-17T11:24:34Z</ModuleTime>
      <ModuleName>System.Numerics.Vectors</ModuleName>
      <Classes />
    </Module>
    <Module skippedDueTo="Filter" hash="D4-EC-59-A6-9A-38-D3-DB-DC-57-4E-19-83-A9-2F-13-FA-A1-4F-59">
      <ModulePath>C:\Program Files\dotnet\shared\Microsoft.NETCore.App\2.1.11\System.Numerics.dll</ModulePath>
      <ModuleTime>2019-04-17T11:24:34Z</ModuleTime>
      <ModuleName>System.Numerics</ModuleName>
      <Classes />
    </Module>
    <Module skippedDueTo="Filter" hash="25-A7-22-AB-8B-C0-30-E7-3D-57-91-FA-5B-E3-4D-72-91-D7-71-99">
      <ModulePath>C:\Program Files\dotnet\shared\Microsoft.NETCore.App\2.1.11\System.Private.DataContractSerialization.dll</ModulePath>
      <ModuleTime>2019-04-17T11:24:34Z</ModuleTime>
      <ModuleName>System.Private.DataContractSerialization</ModuleName>
      <Classes />
    </Module>
    <Module skippedDueTo="Filter" hash="F2-41-33-11-7A-C1-FD-2A-69-A6-0E-4B-48-39-47-F2-50-BB-0F-9C">
      <ModulePath>C:\Program Files\dotnet\shared\Microsoft.NETCore.App\2.1.11\System.Reflection.Emit.ILGeneration.dll</ModulePath>
      <ModuleTime>2019-04-17T11:24:36Z</ModuleTime>
      <ModuleName>System.Reflection.Emit.ILGeneration</ModuleName>
      <Classes />
    </Module>
    <Module skippedDueTo="Filter" hash="5A-0E-6A-8B-2A-A6-22-0C-3F-62-5D-2F-D0-14-00-03-F7-C3-13-CC">
      <ModulePath>C:\Program Files\dotnet\shared\Microsoft.NETCore.App\2.1.11\System.Reflection.DispatchProxy.dll</ModulePath>
      <ModuleTime>2019-04-17T11:24:36Z</ModuleTime>
      <ModuleName>System.Reflection.DispatchProxy</ModuleName>
      <Classes />
    </Module>
    <Module skippedDueTo="Filter" hash="45-FD-B4-14-92-F7-BB-09-34-D7-CD-11-26-6D-D5-C9-DA-99-F9-25">
      <ModulePath>C:\Program Files\dotnet\shared\Microsoft.NETCore.App\2.1.11\System.Reflection.Emit.Lightweight.dll</ModulePath>
      <ModuleTime>2019-04-17T11:24:36Z</ModuleTime>
      <ModuleName>System.Reflection.Emit.Lightweight</ModuleName>
      <Classes />
    </Module>
    <Module skippedDueTo="Filter" hash="A2-14-2E-D9-49-15-49-89-2F-29-7D-AC-18-13-78-56-55-D5-82-37">
      <ModulePath>C:\Program Files\dotnet\shared\Microsoft.NETCore.App\2.1.11\System.Reflection.Emit.dll</ModulePath>
      <ModuleTime>2019-04-17T11:24:36Z</ModuleTime>
      <ModuleName>System.Reflection.Emit</ModuleName>
      <Classes />
    </Module>
    <Module skippedDueTo="Filter" hash="A0-E9-A3-B2-C6-69-23-7C-68-BA-FE-63-A4-B3-2F-FE-B3-9E-06-F3">
      <ModulePath>C:\Program Files\dotnet\shared\Microsoft.NETCore.App\2.1.11\System.Resources.Reader.dll</ModulePath>
      <ModuleTime>2019-04-17T11:24:36Z</ModuleTime>
      <ModuleName>System.Resources.Reader</ModuleName>
      <Classes />
    </Module>
    <Module skippedDueTo="Filter" hash="E7-9B-08-C6-97-87-60-7F-A6-52-3D-88-28-82-3E-2C-B2-4E-ED-4D">
      <ModulePath>C:\Program Files\dotnet\shared\Microsoft.NETCore.App\2.1.11\System.Resources.Writer.dll</ModulePath>
      <ModuleTime>2019-04-17T11:24:36Z</ModuleTime>
      <ModuleName>System.Resources.Writer</ModuleName>
      <Classes />
    </Module>
    <Module skippedDueTo="Filter" hash="61-B7-DA-42-72-BB-A2-6C-34-B8-C0-62-64-30-BA-BB-B2-01-B4-A7">
      <ModulePath>C:\Program Files\dotnet\shared\Microsoft.NETCore.App\2.1.11\System.Runtime.CompilerServices.VisualC.dll</ModulePath>
      <ModuleTime>2019-04-17T11:24:36Z</ModuleTime>
      <ModuleName>System.Runtime.CompilerServices.VisualC</ModuleName>
      <Classes />
    </Module>
    <Module skippedDueTo="Filter" hash="8F-6F-A0-C3-C5-9B-88-E1-8C-87-3B-7A-15-84-30-F9-9C-AC-1D-2D">
      <ModulePath>C:\Program Files\dotnet\shared\Microsoft.NETCore.App\2.1.11\System.Runtime.Handles.dll</ModulePath>
      <ModuleTime>2019-04-17T11:24:36Z</ModuleTime>
      <ModuleName>System.Runtime.Handles</ModuleName>
      <Classes />
    </Module>
    <Module skippedDueTo="Filter" hash="69-25-ED-90-F4-6C-EA-46-15-0A-D4-E9-B8-02-FD-7A-1D-B7-30-58">
      <ModulePath>C:\Program Files\dotnet\shared\Microsoft.NETCore.App\2.1.11\System.Runtime.InteropServices.WindowsRuntime.dll</ModulePath>
      <ModuleTime>2019-04-17T11:24:36Z</ModuleTime>
      <ModuleName>System.Runtime.InteropServices.WindowsRuntime</ModuleName>
      <Classes />
    </Module>
    <Module skippedDueTo="Filter" hash="F1-FE-9A-45-53-8A-CE-FE-DD-21-03-71-8E-2A-F2-88-B7-31-26-29">
      <ModulePath>C:\Program Files\dotnet\shared\Microsoft.NETCore.App\2.1.11\System.Runtime.Serialization.Json.dll</ModulePath>
      <ModuleTime>2019-04-17T11:24:36Z</ModuleTime>
      <ModuleName>System.Runtime.Serialization.Json</ModuleName>
      <Classes />
    </Module>
    <Module skippedDueTo="Filter" hash="1F-24-5C-6D-26-F5-A7-3B-0A-1F-0A-42-38-E0-CB-FB-43-4D-5C-F2">
      <ModulePath>C:\Program Files\dotnet\shared\Microsoft.NETCore.App\2.1.11\System.Runtime.Serialization.Xml.dll</ModulePath>
      <ModuleTime>2019-04-17T11:24:36Z</ModuleTime>
      <ModuleName>System.Runtime.Serialization.Xml</ModuleName>
      <Classes />
    </Module>
    <Module skippedDueTo="Filter" hash="BA-61-A2-66-D9-F6-A5-30-48-3B-6E-3B-32-1F-F8-6F-3A-5D-0F-FA">
      <ModulePath>C:\Program Files\dotnet\shared\Microsoft.NETCore.App\2.1.11\System.Runtime.Serialization.dll</ModulePath>
      <ModuleTime>2019-04-17T11:24:36Z</ModuleTime>
      <ModuleName>System.Runtime.Serialization</ModuleName>
      <Classes />
    </Module>
    <Module skippedDueTo="Filter" hash="CC-1A-4C-30-99-5C-80-ED-A4-E0-18-EE-20-00-BF-D9-73-EB-7C-44">
      <ModulePath>C:\Program Files\dotnet\shared\Microsoft.NETCore.App\2.1.11\System.Security.Cryptography.Cng.dll</ModulePath>
      <ModuleTime>2019-04-17T11:24:36Z</ModuleTime>
      <ModuleName>System.Security.Cryptography.Cng</ModuleName>
      <Classes />
    </Module>
    <Module skippedDueTo="Filter" hash="91-A5-4A-88-E3-77-D6-F5-FD-A0-5B-4B-04-37-0B-FD-7A-A2-4E-8F">
      <ModulePath>C:\Program Files\dotnet\shared\Microsoft.NETCore.App\2.1.11\System.Security.Cryptography.Csp.dll</ModulePath>
      <ModuleTime>2019-04-17T11:24:36Z</ModuleTime>
      <ModuleName>System.Security.Cryptography.Csp</ModuleName>
      <Classes />
    </Module>
    <Module skippedDueTo="Filter" hash="60-DC-AC-FC-FE-DC-F8-D0-46-A1-EE-8D-0D-89-DA-A6-13-02-15-09">
      <ModulePath>C:\Program Files\dotnet\shared\Microsoft.NETCore.App\2.1.11\System.Security.Cryptography.OpenSsl.dll</ModulePath>
      <ModuleTime>2019-04-17T11:24:36Z</ModuleTime>
      <ModuleName>System.Security.Cryptography.OpenSsl</ModuleName>
      <Classes />
    </Module>
    <Module skippedDueTo="Filter" hash="E4-E5-28-B4-47-8C-11-18-0F-0D-20-55-04-BD-E7-1A-0C-F3-FA-6C">
      <ModulePath>C:\Program Files\dotnet\shared\Microsoft.NETCore.App\2.1.11\System.Security.SecureString.dll</ModulePath>
      <ModuleTime>2019-04-17T11:24:36Z</ModuleTime>
      <ModuleName>System.Security.SecureString</ModuleName>
      <Classes />
    </Module>
    <Module skippedDueTo="Filter" hash="E1-DD-8B-8C-D8-EB-2F-16-71-7C-60-EB-4C-BF-1B-25-F4-5F-DB-E5">
      <ModulePath>C:\Program Files\dotnet\shared\Microsoft.NETCore.App\2.1.11\System.Security.dll</ModulePath>
      <ModuleTime>2019-04-17T11:24:36Z</ModuleTime>
      <ModuleName>System.Security</ModuleName>
      <Classes />
    </Module>
    <Module skippedDueTo="Filter" hash="C8-32-A1-FE-A0-65-C7-B8-AA-39-1A-59-EA-EE-0D-05-02-EA-6F-F9">
      <ModulePath>C:\Program Files\dotnet\shared\Microsoft.NETCore.App\2.1.11\System.ServiceModel.Web.dll</ModulePath>
      <ModuleTime>2019-04-17T11:24:36Z</ModuleTime>
      <ModuleName>System.ServiceModel.Web</ModuleName>
      <Classes />
    </Module>
    <Module skippedDueTo="Filter" hash="76-2D-E7-77-FD-56-8F-8A-FA-A4-8A-2F-0F-D4-60-E1-52-62-1D-39">
      <ModulePath>C:\Program Files\dotnet\shared\Microsoft.NETCore.App\2.1.11\System.ServiceProcess.dll</ModulePath>
      <ModuleTime>2019-04-17T11:24:36Z</ModuleTime>
      <ModuleName>System.ServiceProcess</ModuleName>
      <Classes />
    </Module>
    <Module skippedDueTo="Filter" hash="79-98-A2-4B-1E-30-6F-DC-96-18-27-A6-FA-69-67-FE-63-C4-15-BB">
      <ModulePath>C:\Program Files\dotnet\shared\Microsoft.NETCore.App\2.1.11\System.Text.RegularExpressions.dll</ModulePath>
      <ModuleTime>2019-04-17T11:24:36Z</ModuleTime>
      <ModuleName>System.Text.RegularExpressions</ModuleName>
      <Classes />
    </Module>
    <Module skippedDueTo="Filter" hash="A8-F2-72-7A-E6-1E-3E-B4-AF-0A-5C-08-8A-02-15-B9-35-FA-73-15">
      <ModulePath>C:\Program Files\dotnet\shared\Microsoft.NETCore.App\2.1.11\System.Threading.Tasks.Dataflow.dll</ModulePath>
      <ModuleTime>2019-04-17T11:24:36Z</ModuleTime>
      <ModuleName>System.Threading.Tasks.Dataflow</ModuleName>
      <Classes />
    </Module>
    <Module skippedDueTo="Filter" hash="34-CA-B2-55-52-63-6D-2F-8E-19-7A-10-C2-00-2F-65-4E-04-50-1C">
      <ModulePath>C:\Program Files\dotnet\shared\Microsoft.NETCore.App\2.1.11\System.Threading.Tasks.Parallel.dll</ModulePath>
      <ModuleTime>2019-04-17T11:24:36Z</ModuleTime>
      <ModuleName>System.Threading.Tasks.Parallel</ModuleName>
      <Classes />
    </Module>
    <Module skippedDueTo="Filter" hash="ED-71-F2-3C-C7-F0-F2-5A-D4-71-75-A3-D7-81-02-29-A9-4C-6A-83">
      <ModulePath>C:\Program Files\dotnet\shared\Microsoft.NETCore.App\2.1.11\System.Transactions.dll</ModulePath>
      <ModuleTime>2019-04-17T11:24:36Z</ModuleTime>
      <ModuleName>System.Transactions</ModuleName>
      <Classes />
    </Module>
    <Module skippedDueTo="Filter" hash="70-9D-AC-7C-1D-7F-37-23-2F-26-20-1A-0D-78-3B-8F-B2-58-90-2A">
      <ModulePath>C:\Program Files\dotnet\shared\Microsoft.NETCore.App\2.1.11\System.Web.HttpUtility.dll</ModulePath>
      <ModuleTime>2019-04-17T11:24:36Z</ModuleTime>
      <ModuleName>System.Web.HttpUtility</ModuleName>
      <Classes />
    </Module>
    <Module skippedDueTo="Filter" hash="8A-C3-F4-81-20-BA-75-62-16-A8-44-8B-99-D4-38-6F-61-99-34-8E">
      <ModulePath>C:\Program Files\dotnet\shared\Microsoft.NETCore.App\2.1.11\System.Web.dll</ModulePath>
      <ModuleTime>2019-04-17T11:24:36Z</ModuleTime>
      <ModuleName>System.Web</ModuleName>
      <Classes />
    </Module>
    <Module skippedDueTo="Filter" hash="88-20-A5-67-BF-AC-00-4F-E6-BB-33-45-76-EC-A5-85-84-35-36-6A">
      <ModulePath>C:\Program Files\dotnet\shared\Microsoft.NETCore.App\2.1.11\System.Windows.dll</ModulePath>
      <ModuleTime>2019-04-17T11:24:36Z</ModuleTime>
      <ModuleName>System.Windows</ModuleName>
      <Classes />
    </Module>
    <Module skippedDueTo="Filter" hash="1E-83-3C-A3-0B-11-58-DC-09-51-24-9B-59-CE-82-BA-1A-2E-F9-65">
      <ModulePath>C:\Program Files\dotnet\shared\Microsoft.NETCore.App\2.1.11\System.Xml.Linq.dll</ModulePath>
      <ModuleTime>2019-04-17T11:24:36Z</ModuleTime>
      <ModuleName>System.Xml.Linq</ModuleName>
      <Classes />
    </Module>
    <Module skippedDueTo="Filter" hash="76-9A-36-85-B1-85-0D-E1-0C-A9-78-98-6D-23-0B-92-61-70-76-67">
      <ModulePath>C:\Program Files\dotnet\shared\Microsoft.NETCore.App\2.1.11\System.Xml.Serialization.dll</ModulePath>
      <ModuleTime>2019-04-17T11:24:36Z</ModuleTime>
      <ModuleName>System.Xml.Serialization</ModuleName>
      <Classes />
    </Module>
    <Module skippedDueTo="Filter" hash="73-BE-AC-CE-67-48-BF-9F-C3-64-C2-CD-5B-58-BA-4A-2D-8C-B0-63">
      <ModulePath>C:\Program Files\dotnet\shared\Microsoft.NETCore.App\2.1.11\System.Xml.XPath.XDocument.dll</ModulePath>
      <ModuleTime>2019-04-17T11:24:36Z</ModuleTime>
      <ModuleName>System.Xml.XPath.XDocument</ModuleName>
      <Classes />
    </Module>
    <Module skippedDueTo="Filter" hash="38-33-1A-40-25-D8-76-48-82-2C-FF-C8-EB-58-F6-F9-BB-A4-DD-E6">
      <ModulePath>C:\Program Files\dotnet\shared\Microsoft.NETCore.App\2.1.11\System.Xml.XmlSerializer.dll</ModulePath>
      <ModuleTime>2019-04-17T11:24:36Z</ModuleTime>
      <ModuleName>System.Xml.XmlSerializer</ModuleName>
      <Classes />
    </Module>
    <Module skippedDueTo="Filter" hash="F4-5E-DC-2F-98-6B-26-98-B0-C2-40-BB-05-4D-4A-4F-E7-47-A5-8A">
      <ModulePath>C:\Program Files\dotnet\shared\Microsoft.NETCore.App\2.1.11\System.dll</ModulePath>
      <ModuleTime>2019-04-17T11:24:36Z</ModuleTime>
      <ModuleName>System</ModuleName>
      <Classes />
    </Module>
    <Module skippedDueTo="MissingPdb" hash="26-BD-07-CE-74-F9-6B-33-AA-58-D7-60-FC-52-B1-17-F9-9D-1B-B7">
      <ModulePath>C:\Program Files\dotnet\shared\Microsoft.NETCore.App\2.1.11\WindowsBase.dll</ModulePath>
      <ModuleTime>2019-04-17T11:24:36Z</ModuleTime>
      <ModuleName>WindowsBase</ModuleName>
      <Classes />
    </Module>
    <Module skippedDueTo="MissingPdb" hash="0B-62-40-90-58-76-E8-86-0D-1A-DC-F5-78-DB-B7-94-BC-00-10-0C">
      <ModulePath>C:\FinalAssignment\ProjectManagementApi\ProjectManagementApiTest\bin\Debug\netcoreapp2.1\xunit.runner.reporters.netcoreapp10.dll</ModulePath>
      <ModuleTime>2018-07-16T22:48:26Z</ModuleTime>
      <ModuleName>xunit.runner.reporters.netcoreapp10</ModuleName>
      <Classes />
    </Module>
    <Module skippedDueTo="MissingPdb" hash="16-7C-D1-8D-0E-08-82-D2-50-9C-9A-FF-7A-6F-C1-DB-D3-21-8A-72">
      <ModulePath>C:\FinalAssignment\ProjectManagementApi\ProjectManagementApiTest\bin\Debug\netcoreapp2.1\xunit.runner.visualstudio.dotnetcore.testadapter.dll</ModulePath>
      <ModuleTime>2018-07-16T22:48:28Z</ModuleTime>
      <ModuleName>xunit.runner.visualstudio.dotnetcore.testadapter</ModuleName>
      <Classes />
    </Module>
  </Modules>
</CoverageSession>